
====================================================================================================
📍 Station: Atlin School (File: Atlin school)
====================================================================================================
Variable                  Unit         Count    Start Time             End Time              
-----------------------------------------------------------------------------------------
Rain                      mm             119231 2010-08-20 20:00:00    2024-08-10 19:00:00   
Air Temp                  °C             119237 2010-08-20 19:00:00    2024-08-10 19:00:00   
RH                        %              111039 2011-07-28 09:00:00    2024-08-10 19:00:00   
DewPt                     °C             111039 2011-07-28 09:00:00    2024-08-10 19:00:00   
Wind Speed                m/s            119237 2010-08-20 19:00:00    2024-08-10 19:00:00   
Gust Speed                m/s            119237 2010-08-20 19:00:00    2024-08-10 19:00:00   
Wind Direction            ø              119237 2010-08-20 19:00:00    2024-08-10 19:00:00   
Solar Radiation           W/m²           119237 2010-08-20 19:00:00    2024-08-10 19:00:00   
Gd Temp 75 cm             °C             119237 2010-08-20 19:00:00    2024-08-10 19:00:00   
Gd Temp 50 cm             °C             119237 2010-08-20 19:00:00    2024-08-10 19:00:00   
Gd Temp 25 cm             °C             119237 2010-08-20 19:00:00    2024-08-10 19:00:00   
Sfc Temp                  °C             119237 2010-08-20 19:00:00    2024-08-10 19:00:00   
Air Temp 2                °C             119192 2010-08-20 19:00:00    2024-08-10 19:00:00   
-----------------------------------------------------------------------------------------
TOTAL                                   1533634                                              
Total variable types : 13
Total variable counts: 1533634



====================================================================================================
📍 Station: BarrenWx (File: Barren)
====================================================================================================
Variable                  Unit         Count    Start Time             End Time              
-----------------------------------------------------------------------------------------
Rain                      mm              28365 2021-07-09 13:00:00    2024-10-03 11:00:00   
Pressure                  mbar            28367 2021-07-09 12:00:00    2024-10-03 11:00:00   
Temp                      °C              28367 2021-07-09 12:00:00    2024-10-03 11:00:00   
RH                        %               28367 2021-07-09 12:00:00    2024-10-03 11:00:00   
DewPt                     °C              28367 2021-07-09 12:00:00    2024-10-03 11:00:00   
Wind Speed                m/s             28367 2021-07-09 12:00:00    2024-10-03 11:00:00   
Gust Speed                m/s             28367 2021-07-09 12:00:00    2024-10-03 11:00:00   
Wind Direction            ø               28367 2021-07-09 12:00:00    2024-10-03 11:00:00   
Solar Radiation           W/m²            28367 2021-07-09 12:00:00    2024-10-03 11:00:00   
Water Content             m³/m³ 15 cm     81110 2021-07-09 12:00:00    2024-10-03 11:00:00   
WC_cal                    m³/m³           28367 2021-07-09 12:00:00    2024-10-03 11:00:00   
Soil Temp                 °C              28367 2021-07-09 12:00:00    2024-10-03 11:00:00   
-----------------------------------------------------------------------------------------
TOTAL                                    393145                                              
Total variable types : 12
Total variable counts: 393145



====================================================================================================
📍 Station: BlackhawkWx (File: Blackhawk)
====================================================================================================
Variable                  Unit         Count    Start Time             End Time              
-----------------------------------------------------------------------------------------
Rain                      mm             110643 2012-05-24 14:00:00    2025-01-07 10:00:00   
Pressure                  mbar           110639 2012-05-24 13:00:00    2025-01-07 10:00:00   
Temp                      ?C             110652 2012-05-24 13:00:00    2025-01-07 10:00:00   
RH                        %              110652 2012-05-24 13:00:00    2025-01-07 10:00:00   
DewPt                     ?C             110652 2012-05-24 13:00:00    2025-01-07 10:00:00   
Wind Speed                m/s            110652 2012-05-24 13:00:00    2025-01-07 10:00:00   
Gust Speed                m/s            110652 2012-05-24 13:00:00    2025-01-07 10:00:00   
Wind Direction            °               96675 2012-05-24 13:00:00    2025-01-07 10:00:00   
Solar Radiation           W/m?           110642 2012-05-24 13:00:00    2025-01-07 10:00:00   
Snow depth raw            cm              71635 2016-10-26 14:00:00    2025-01-07 10:00:00   
Snow depth                cm              69179 2016-10-26 14:00:00    2025-01-07 10:00:00   
Water Content             m?/m? 15 cm     62899 2017-07-27 12:00:00    2025-01-07 10:00:00   
WC_cal                    m?/m?           53150 2017-07-28 13:00:00    2025-01-07 10:00:00   
Soil Temp                 ?C               4153 2024-07-18 10:00:00    2025-01-07 10:00:00   
-----------------------------------------------------------------------------------------
TOTAL                                   1242875                                              
Total variable types : 14
Total variable counts: 1242875



====================================================================================================
📍 Station: BoulderWx (File: BoulderCr)
====================================================================================================
Variable                  Unit         Count    Start Time             End Time              
-----------------------------------------------------------------------------------------
Rain                      mm             101962 2010-06-07 13:00:00    2024-08-07 08:00:00   
Pressure                  mbar           110081 2010-06-07 13:00:00    2024-08-07 08:00:00   
Temp                      °C             110081 2010-06-07 13:00:00    2024-08-07 08:00:00   
RH                        %              108908 2010-06-07 13:00:00    2024-08-07 08:00:00   
DewPt                     °C             108908 2010-06-07 13:00:00    2024-08-07 08:00:00   
Wind Speed                m/s            103533 2010-06-07 13:00:00    2024-08-07 08:00:00   
Gust Speed                m/s            103533 2010-06-07 13:00:00    2024-08-07 08:00:00   
Wind Direction            ø              103533 2010-06-07 13:00:00    2024-08-07 08:00:00   
Solar Radiation           W/m²           102004 2010-06-07 13:00:00    2024-08-07 08:00:00   
Wetness                   %              102845 2011-07-13 11:00:00    2024-08-07 08:00:00   
Water Content             m³/m³ 15 cm     62214 2017-05-25 17:00:00    2024-08-07 08:00:00   
WC_cal                    m³/m³           54183 2017-05-25 17:00:00    2024-08-01 12:00:00   
Soil Temp                 °C                679 2024-05-29 15:00:00    2024-06-26 21:00:00   
-----------------------------------------------------------------------------------------
TOTAL                                   1172464                                              
Total variable types : 13
Total variable counts: 1172464



====================================================================================================
📍 Station: BowronPit (File: Bowron Pit)
====================================================================================================
Variable                  Unit         Count    Start Time             End Time              
-----------------------------------------------------------------------------------------
Rain                      mm              55377 2018-09-13 13:00:00    2025-01-07 11:00:00   
Pressure                  mbar            55387 2018-09-13 12:00:00    2025-01-07 11:00:00   
Temp                      °C              55387 2018-09-13 12:00:00    2025-01-07 11:00:00   
RH                        %               55387 2018-09-13 12:00:00    2025-01-07 11:00:00   
DewPt                     °C              55387 2018-09-13 12:00:00    2025-01-07 11:00:00   
Wind Speed                m/s             55387 2018-09-13 12:00:00    2025-01-07 11:00:00   
Gust Speed                m/s             55387 2018-09-13 12:00:00    2025-01-07 11:00:00   
Wind Direction            ø               46878 2018-09-13 12:00:00    2025-01-07 11:00:00   
Solar Radiation           W/m²            55387 2018-09-13 12:00:00    2025-01-07 11:00:00   
Snow depth raw            cm              45446 2019-11-01 12:00:00    2025-01-07 11:00:00   
Snow depth                cm              45321 2019-11-01 12:00:00    2025-01-07 11:00:00   
Water Content             m³/m³ 15 cm     55387 2018-09-13 12:00:00    2025-01-07 11:00:00   
WC_cal                    m³/m³           55387 2018-09-13 12:00:00    2025-01-07 11:00:00   
Soil Temp                 °C               1990 2024-10-16 14:00:00    2025-01-07 11:00:00   
Temp 2                    °C              51081 2018-08-29 15:00:00    2024-10-16 13:00:00   
RH 2                      %               50411 2018-08-29 15:00:00    2024-10-16 13:00:00   
DewPt 2                   °C              50411 2018-08-29 15:00:00    2024-10-16 13:00:00   
Snow sensor Temp          °C              45391 2019-11-01 12:00:00    2025-01-07 11:00:00   
-----------------------------------------------------------------------------------------
TOTAL                                    890789                                              
Total variable types : 18
Total variable counts: 890789



====================================================================================================
📍 Station: BulkleyWx (File: Bulkley PGTIS 1)
====================================================================================================
Variable                  Unit         Count    Start Time             End Time              
-----------------------------------------------------------------------------------------
Rain                      mm             140958 2007-07-31 13:00:00    2024-10-24 11:00:00   
Pressure                  mbar           145204 2007-07-31 13:00:00    2024-10-24 11:00:00   
Temp                      °C             144796 2007-07-31 13:00:00    2024-10-24 11:00:00   
RH                        %              142917 2007-07-31 13:00:00    2024-10-24 11:00:00   
DewPt                     °C             142912 2007-07-31 13:00:00    2024-10-24 11:00:00   
Wind Speed                m/s            145204 2007-07-31 13:00:00    2024-10-24 11:00:00   
Gust Speed                m/s            145197 2007-07-31 13:00:00    2024-10-24 11:00:00   
Wind Direction            ø              145204 2007-07-31 13:00:00    2024-10-24 11:00:00   
Solar Radiation           W/m²           140961 2007-07-31 13:00:00    2024-10-24 11:00:00   
Wetness                   %              137323 2008-06-13 00:00:00    2024-10-24 11:00:00   
-----------------------------------------------------------------------------------------
TOTAL                                   1430676                                              
Total variable types : 10
Total variable counts: 1430676



====================================================================================================
📍 Station: CPFWx (File: CPF PGTIS 3)
====================================================================================================
Variable                  Unit         Count    Start Time             End Time              
-----------------------------------------------------------------------------------------
Rain                      mm             144940 2007-08-09 14:00:00    2024-10-24 08:00:00   
Pressure                  mbar           144434 2007-08-09 14:00:00    2024-10-24 08:00:00   
Temp                      °C             147700 2007-08-09 14:00:00    2024-10-24 08:00:00   
RH                        %              144943 2007-08-09 14:00:00    2024-10-24 08:00:00   
DewPt                     °C             144943 2007-08-09 14:00:00    2024-10-24 08:00:00   
Wind Speed                m/s            147673 2007-08-09 14:00:00    2024-10-24 08:00:00   
Gust Speed                m/s            147672 2007-08-09 14:00:00    2024-10-24 08:00:00   
Wind Direction            ø              148009 2007-08-09 14:00:00    2024-10-24 08:00:00   
Solar Radiation           W/m²           148007 2007-08-09 14:00:00    2024-10-24 08:00:00   
Wetness                   %              139729 2008-06-12 15:00:00    2024-10-24 08:00:00   
-----------------------------------------------------------------------------------------
TOTAL                                   1458050                                              
Total variable types : 10
Total variable counts: 1458050



====================================================================================================
📍 Station: Canoe Mountain Stn (File: Canoe)
====================================================================================================
Variable                  Unit         Count    Start Time             End Time              
-----------------------------------------------------------------------------------------
Rain                      mm              91605 2012-03-22 12:00:00    2025-01-07 12:00:00   
Pressure                  mbar            91518 2012-03-22 11:00:00    2025-01-07 12:00:00   
Temp                      °C              94980 2012-03-22 11:00:00    2025-01-07 12:00:00   
RH                        %               94980 2012-03-22 11:00:00    2025-01-07 12:00:00   
DewPt                     °C              94980 2012-03-22 11:00:00    2025-01-07 12:00:00   
Wind Speed                m/s             88918 2012-03-22 11:00:00    2025-01-07 12:00:00   
Gust Speed                m/s             88917 2012-03-22 11:00:00    2025-01-07 12:00:00   
Wind Direction            ø               85320 2012-03-22 11:00:00    2025-01-07 12:00:00   
Solar Radiation           W/m²            94976 2012-03-22 11:00:00    2025-01-07 12:00:00   
-----------------------------------------------------------------------------------------
TOTAL                                    826194                                              
Total variable types : 9
Total variable counts: 826194



====================================================================================================
📍 Station: Caribou Pass (File: Caribou Pass)
====================================================================================================
Variable                  Unit         Count    Start Time             End Time              
-----------------------------------------------------------------------------------------
Rain                      mm              12529 2023-08-04 12:00:00    2025-01-07 14:00:00   
Pressure                  mbar            10443 2023-08-04 11:00:00    2025-01-07 14:00:00   
Temp                      ?C               6815 2023-08-04 11:00:00    2025-01-07 14:00:00   
RH                        %                6815 2023-08-04 11:00:00    2025-01-07 14:00:00   
DewPt                     ?C               6815 2023-08-04 11:00:00    2025-01-07 14:00:00   
Wind Speed                m/s             12531 2023-08-04 11:00:00    2025-01-07 14:00:00   
Gust Speed                m/s             12531 2023-08-04 11:00:00    2025-01-07 14:00:00   
Wind Direction            °               12531 2023-08-04 11:00:00    2025-01-07 14:00:00   
Solar Radiation           W/m?            12531 2023-08-04 11:00:00    2025-01-07 14:00:00   
Temp 2                    ?C              12531 2023-08-04 11:00:00    2025-01-07 14:00:00   
RH 2                      %               12531 2023-08-04 11:00:00    2025-01-07 14:00:00   
DewPt 2                   ?C              12531 2023-08-04 11:00:00    2025-01-07 14:00:00   
-----------------------------------------------------------------------------------------
TOTAL                                    131134                                              
Total variable types : 12
Total variable counts: 131134



====================================================================================================
📍 Station: ChapmanWx (File: Chapman)
====================================================================================================
Variable                  Unit         Count    Start Time             End Time              
-----------------------------------------------------------------------------------------
Rain                      mm              28388 2021-07-08 13:00:00    2024-10-03 14:00:00   
Pressure                  mbar            28393 2021-07-08 12:00:00    2024-10-03 14:00:00   
Temp                      ?C              28393 2021-07-08 12:00:00    2024-10-03 14:00:00   
RH                        %               28393 2021-07-08 12:00:00    2024-10-03 14:00:00   
DewPt                     ?C              28393 2021-07-08 12:00:00    2024-10-03 14:00:00   
Wind Speed                m/s             28393 2021-07-08 12:00:00    2024-10-03 14:00:00   
Gust Speed                m/s             28393 2021-07-08 12:00:00    2024-10-03 14:00:00   
Wind Direction            ?               28393 2021-07-08 12:00:00    2024-10-03 14:00:00   
Solar Radiation           W/m?            28393 2021-07-08 12:00:00    2024-10-03 14:00:00   
Water Content             m?/m? 15 cm     73284 2021-07-08 12:00:00    2024-10-03 14:00:00   
WC_cal                    m?/m?           28393 2021-07-08 12:00:00    2024-10-03 14:00:00   
Soil Temp                 ?C              26787 2021-07-08 12:00:00    2024-10-03 14:00:00   
-----------------------------------------------------------------------------------------
TOTAL                                    383996                                              
Total variable types : 12
Total variable counts: 383996



====================================================================================================
📍 Station: ChiefLakeWx (File: ChiefLk)
====================================================================================================
Variable                  Unit         Count    Start Time             End Time              
-----------------------------------------------------------------------------------------
Rain                      mm              46145 2019-07-05 14:00:00    2024-10-09 10:00:00   
Pressure                  mbar            46150 2019-07-05 13:00:00    2024-10-09 10:00:00   
Temp                      ?C              46150 2019-07-05 13:00:00    2024-10-09 10:00:00   
RH                        %               46150 2019-07-05 13:00:00    2024-10-09 10:00:00   
DewPt                     ?C              46150 2019-07-05 13:00:00    2024-10-09 10:00:00   
Wind Speed                m/s             46150 2019-07-05 13:00:00    2024-10-09 10:00:00   
Gust Speed                m/s             46150 2019-07-05 13:00:00    2024-10-09 10:00:00   
Wind Direction            ?               46150 2019-07-05 13:00:00    2024-10-09 10:00:00   
Solar Radiation           W/m?            46149 2019-07-05 13:00:00    2024-10-09 10:00:00   
Wetness                   %               46150 2019-07-05 13:00:00    2024-10-09 10:00:00   
Water Content             m?/m? 15 cm     45629 2019-07-05 13:00:00    2024-10-09 10:00:00   
WC_cal                    m?/m?           45629 2019-07-05 13:00:00    2024-10-09 10:00:00   
Soil Temp                 ?C               2975 2024-06-07 12:00:00    2024-10-09 10:00:00   
-----------------------------------------------------------------------------------------
TOTAL                                    555727                                              
Total variable types : 13
Total variable counts: 555727



====================================================================================================
📍 Station: CoalmineWx (File: Coalmine)
====================================================================================================
Variable                  Unit         Count    Start Time             End Time              
-----------------------------------------------------------------------------------------
Rain                      mm              52553 2018-09-14 15:00:00    2024-09-12 12:00:00   
Pressure                  mbar            52558 2018-09-14 14:00:00    2024-09-12 12:00:00   
Temp                      °C              52558 2018-09-14 14:00:00    2024-09-12 12:00:00   
RH                        %               52557 2018-09-14 14:00:00    2024-09-12 12:00:00   
DewPt                     °C              52557 2018-09-14 14:00:00    2024-09-12 12:00:00   
Wind Speed                m/s             52558 2018-09-14 14:00:00    2024-09-12 12:00:00   
Gust Speed                m/s             52558 2018-09-14 14:00:00    2024-09-12 12:00:00   
Wind Direction            ø               52558 2018-09-14 14:00:00    2024-09-12 12:00:00   
Solar Radiation           W/m²            50970 2018-09-14 14:00:00    2024-09-12 12:00:00   
Water Content             m³/m³ 15 cm     39838 2019-06-26 10:00:00    2024-09-12 12:00:00   
WC_cal                    m³/m³           39838 2019-06-26 10:00:00    2024-09-12 12:00:00   
Temp 2                    °C              52940 2018-08-29 14:00:00    2024-09-12 12:00:00   
RH 2                      %               50785 2018-08-29 14:00:00    2024-09-12 12:00:00   
DewPt 2                   °C              50785 2018-08-29 14:00:00    2024-09-12 12:00:00   
-----------------------------------------------------------------------------------------
TOTAL                                    705613                                              
Total variable types : 14
Total variable counts: 705613



====================================================================================================
📍 Station: CrookedLk (File: Crooked Lake)
====================================================================================================
Variable                  Unit         Count    Start Time             End Time              
-----------------------------------------------------------------------------------------
Rain                      mm               9572 2023-08-08 15:00:00    2024-10-28 10:00:00   
Pressure                  mbar             9286 2023-08-08 14:00:00    2024-10-28 10:00:00   
Temp                      ?C               9536 2023-08-08 14:00:00    2024-10-28 10:00:00   
RH                        %                9558 2023-08-08 14:00:00    2024-10-28 10:00:00   
DewPt                     ?C               9558 2023-08-08 14:00:00    2024-10-28 10:00:00   
Wind Speed                m/s              9574 2023-08-08 14:00:00    2024-10-28 10:00:00   
Gust Speed                m/s              9574 2023-08-08 14:00:00    2024-10-28 10:00:00   
Wind Direction            °                9574 2023-08-08 14:00:00    2024-10-28 10:00:00   
Solar Radiation           W/m?             9574 2023-08-08 14:00:00    2024-10-28 10:00:00   
-----------------------------------------------------------------------------------------
TOTAL                                     85806                                              
Total variable types : 9
Total variable counts: 85806



====================================================================================================
📍 Station: CrystalWx (File: CrystalLk)
====================================================================================================
Variable                  Unit         Count    Start Time             End Time              
-----------------------------------------------------------------------------------------
Rain                      mm             119494 2010-04-29 13:00:00    2024-10-18 13:00:00   
Pressure                  mbar           120280 2010-04-29 13:00:00    2024-10-18 13:00:00   
Temp                      °C             120285 2010-04-29 13:00:00    2024-10-18 13:00:00   
RH                        %              120286 2010-04-29 13:00:00    2024-10-18 13:00:00   
DewPt                     °C             120285 2010-04-29 13:00:00    2024-10-18 13:00:00   
Wind Speed                m/s            119309 2010-04-29 13:00:00    2024-10-18 13:00:00   
Gust Speed                m/s            119298 2010-04-29 13:00:00    2024-10-18 13:00:00   
Wind Direction            ø               89323 2010-04-29 13:00:00    2024-10-18 13:00:00   
Solar Radiation           W/m²           115892 2010-04-29 13:00:00    2024-10-18 13:00:00   
Wetness                   %              119506 2010-04-29 13:00:00    2024-10-18 13:00:00   
Water Content             m³/m³ 15 cm     59134 2017-09-14 11:00:00    2024-10-18 13:00:00   
WC_cal                    m³/m³           59134 2017-09-14 11:00:00    2024-10-18 13:00:00   
Soil Temp                 °C               1224 2024-08-28 14:00:00    2024-10-18 13:00:00   
-----------------------------------------------------------------------------------------
TOTAL                                   1283450                                              
Total variable types : 13
Total variable counts: 1283450



====================================================================================================
📍 Station: Dennis (File: Dennis)
====================================================================================================
Variable                  Unit         Count    Start Time             End Time              
-----------------------------------------------------------------------------------------
Rain                      mm              28426 2021-07-07 18:00:00    2024-10-04 09:00:00   
Pressure                  mbar            28430 2021-07-07 17:00:00    2024-10-04 09:00:00   
Temp                      °C              21073 2021-07-07 17:00:00    2024-10-04 09:00:00   
RH                        %               21074 2021-07-07 17:00:00    2024-10-04 09:00:00   
DewPt                     °C              21073 2021-07-07 17:00:00    2024-10-04 09:00:00   
Wind Speed                m/s             28430 2021-07-07 17:00:00    2024-10-04 09:00:00   
Gust Speed                m/s             28430 2021-07-07 17:00:00    2024-10-04 09:00:00   
Wind Direction            ø               28430 2021-07-07 17:00:00    2024-10-04 09:00:00   
Solar Radiation           W/m²            28430 2021-07-07 17:00:00    2024-10-04 09:00:00   
Water Content             m³/m³ 15 cm     71798 2021-07-07 17:00:00    2024-10-04 09:00:00   
WC_cal                    m³/m³           19701 2022-07-06 13:00:00    2024-10-04 09:00:00   
Soil Temp                 °C              28430 2021-07-07 17:00:00    2024-10-04 09:00:00   
-----------------------------------------------------------------------------------------
TOTAL                                    353725                                              
Total variable types : 12
Total variable counts: 353725



====================================================================================================
📍 Station: DunsterWx (File: Dunster)
====================================================================================================
Variable                  Unit         Count    Start Time             End Time              
-----------------------------------------------------------------------------------------
Rain                      mm              90398 2013-09-05 15:00:00    2025-01-07 14:00:00   
Pressure                  mbar            90404 2013-09-05 14:00:00    2025-01-07 14:00:00   
Temp                      °C              90404 2013-09-05 14:00:00    2025-01-07 14:00:00   
RH                        %               90404 2013-09-05 14:00:00    2025-01-07 14:00:00   
DewPt                     °C              90404 2013-09-05 14:00:00    2025-01-07 14:00:00   
Wind Speed                m/s             90404 2013-09-05 14:00:00    2025-01-07 14:00:00   
Gust Speed                m/s             90404 2013-09-05 14:00:00    2025-01-07 14:00:00   
Wind Direction            ø               90404 2013-09-05 14:00:00    2025-01-07 14:00:00   
Solar Radiation           W/m²            90404 2013-09-05 14:00:00    2025-01-07 14:00:00   
Snow depth raw            cm              10239 2023-07-14 11:00:00    2025-01-07 14:00:00   
Snow depth                cm              10302 2023-07-14 11:00:00    2025-01-07 14:00:00   
Water Content             m³/m³ 15 cm     64503 2016-07-27 07:00:00    2025-01-07 14:00:00   
WC_cal                    m³/m³           58227 2016-08-08 19:00:00    2025-01-07 14:00:00   
Rain2                     mm              10298 2023-07-14 11:00:00    2025-01-07 14:00:00   
-----------------------------------------------------------------------------------------
TOTAL                                    967199                                              
Total variable types : 14
Total variable counts: 967199



====================================================================================================
📍 Station: EndakoWx (File: Endako)
====================================================================================================
Variable                  Unit         Count    Start Time             End Time              
-----------------------------------------------------------------------------------------
Rain                      mm             146842 2007-09-13 13:00:00    2024-09-24 12:00:00   
Pressure                  mbar           141612 2007-09-13 13:00:00    2024-09-24 12:00:00   
Temp                      ?C             147219 2007-09-13 13:00:00    2024-09-24 12:00:00   
RH                        %              147219 2007-09-13 13:00:00    2024-09-24 12:00:00   
DewPt                     ?C             147219 2007-09-13 13:00:00    2024-09-24 12:00:00   
Wind Speed                m/s            147354 2007-09-13 13:00:00    2024-09-24 12:00:00   
Gust Speed                m/s            147354 2007-09-13 13:00:00    2024-09-24 12:00:00   
Wind Direction            ?              144705 2007-09-13 13:00:00    2024-09-24 12:00:00   
Solar Radiation           W/m?           147489 2007-09-13 13:00:00    2024-09-24 12:00:00   
Wetness                   %              147492 2007-09-13 13:00:00    2024-09-24 12:00:00   
Water Content             m?/m? 15 cm     60842 2017-05-26 10:00:00    2024-09-24 12:00:00   
WC_cal                    m?/m?           56658 2017-05-26 10:00:00    2024-09-24 12:00:00   
Soil Temp                 ?C               2303 2024-06-20 14:00:00    2024-09-24 12:00:00   
-----------------------------------------------------------------------------------------
TOTAL                                   1584308                                              
Total variable types : 13
Total variable counts: 1584308



====================================================================================================
📍 Station: GeorgeWx (File: George)
====================================================================================================
Variable                  Unit         Count    Start Time             End Time              
-----------------------------------------------------------------------------------------
Rain                      mm             135798 2007-09-14 12:00:00    2024-09-18 09:00:00   
Pressure                  mbar           147217 2007-09-14 12:00:00    2024-09-18 11:00:00   
Temp                      ?C             133070 2007-09-14 12:00:00    2024-09-18 11:00:00   
RH                        %              133071 2007-09-14 12:00:00    2024-09-18 11:00:00   
DewPt                     ?C             133069 2007-09-14 12:00:00    2024-09-18 11:00:00   
Wind Speed                m/s            147083 2007-09-14 12:00:00    2024-09-18 11:00:00   
Gust Speed                m/s            147078 2007-09-14 12:00:00    2024-09-18 11:00:00   
Wind Direction            °              133536 2007-09-14 12:00:00    2024-09-18 11:00:00   
Solar Radiation           W/m?           137207 2007-09-14 12:00:00    2024-09-18 11:00:00   
Wetness                   %              138628 2007-09-14 12:00:00    2024-09-18 11:00:00   
Water Content             m?/m? 15 cm     49993 2016-09-28 14:00:00    2024-09-18 11:00:00   
WC_cal                    m?/m?           49100 2016-09-28 14:00:00    2024-09-18 11:00:00   
Soil Temp                 ?C               5877 2023-08-22 12:00:00    2024-09-18 11:00:00   
-----------------------------------------------------------------------------------------
TOTAL                                   1490727                                              
Total variable types : 13
Total variable counts: 1490727



====================================================================================================
📍 Station: GunnelWx (File: Gunnel)
====================================================================================================
Variable                  Unit         Count    Start Time             End Time              
-----------------------------------------------------------------------------------------
Rain                      mm              36094 2018-08-15 14:00:00    2022-09-27 13:00:00   
Pressure                  mbar            36096 2018-08-15 13:00:00    2022-09-27 13:00:00   
Temp                      °C              36096 2018-08-15 13:00:00    2022-09-27 13:00:00   
RH                        %               36096 2018-08-15 13:00:00    2022-09-27 13:00:00   
DewPt                     °C              36096 2018-08-15 13:00:00    2022-09-27 13:00:00   
Wind Speed                m/s             36096 2018-08-15 13:00:00    2022-09-27 13:00:00   
Gust Speed                m/s             36096 2018-08-15 13:00:00    2022-09-27 13:00:00   
Wind Direction            ø               36096 2018-08-15 13:00:00    2022-09-27 13:00:00   
Solar Radiation           W/m²            36096 2018-08-15 13:00:00    2022-09-27 13:00:00   
-----------------------------------------------------------------------------------------
TOTAL                                    324862                                              
Total variable types : 9
Total variable counts: 324862



====================================================================================================
📍 Station: HourglassWx (File: Hourglass)
====================================================================================================
Variable                  Unit         Count    Start Time             End Time              
-----------------------------------------------------------------------------------------
Rain                      mm             117621 2012-05-23 18:00:00    2025-01-07 15:00:00   
Pressure                  mbar           118174 2012-05-23 17:00:00    2025-01-07 15:00:00   
Temp                      °C             119342 2012-05-23 17:00:00    2025-01-07 15:00:00   
RH                        %              119342 2012-05-23 17:00:00    2025-01-07 15:00:00   
DewPt                     °C             119342 2012-05-23 17:00:00    2025-01-07 15:00:00   
Wind Speed                m/s            111363 2012-05-23 17:00:00    2025-01-07 15:00:00   
Gust Speed                m/s            111363 2012-05-23 17:00:00    2025-01-07 15:00:00   
Wind Direction            ø              101527 2012-05-23 17:00:00    2025-01-07 15:00:00   
Solar Radiation           W/m²           118802 2012-05-23 17:00:00    2025-01-07 15:00:00   
Snow depth raw            cm              79862 2016-10-27 12:00:00    2025-01-07 15:00:00   
Snow depth                cm              79771 2016-10-27 12:00:00    2025-01-07 15:00:00   
Water Content             m³/m³ 15 cm     50245 2019-07-16 16:00:00    2025-01-07 15:00:00   
WC_cal                    m³/m³           50245 2019-07-16 16:00:00    2025-01-07 15:00:00   
Soil Temp                 °C                 68 2024-07-17 14:00:00    2024-07-20 09:00:00   
-----------------------------------------------------------------------------------------
TOTAL                                   1297067                                              
Total variable types : 14
Total variable counts: 1297067



====================================================================================================
📍 Station: Hudson Bay Mtn2 (File: HudsonBayMtn2)
====================================================================================================
Variable                  Unit         Count    Start Time             End Time              
-----------------------------------------------------------------------------------------
Rain                      mm              55368 2017-08-25 14:00:00    2025-01-09 06:00:00   
Pressure                  mbar            58182 2017-08-25 13:00:00    2025-01-09 06:00:00   
Temp                      ?C              58184 2017-08-25 13:00:00    2025-01-09 06:00:00   
RH                        %               58183 2017-08-25 13:00:00    2025-01-09 06:00:00   
DewPt                     ?C              58183 2017-08-25 13:00:00    2025-01-09 06:00:00   
Wind Speed                m/s             51676 2017-08-25 13:00:00    2025-01-09 06:00:00   
Gust Speed                m/s             51676 2017-08-25 13:00:00    2025-01-09 06:00:00   
Wind Direction            °               57152 2017-08-25 13:00:00    2025-01-09 06:00:00   
Solar Radiation           W/m?            58182 2017-08-25 13:00:00    2025-01-09 06:00:00   
-----------------------------------------------------------------------------------------
TOTAL                                    506786                                              
Total variable types : 9
Total variable counts: 506786



====================================================================================================
📍 Station: IBB2Wx (File: IBB2 Ganokwa Canyon)
====================================================================================================
Variable                  Unit         Count    Start Time             End Time              
-----------------------------------------------------------------------------------------
Rain                      mm               1273 2024-07-25 14:00:00    2024-09-16 14:00:00   
Pressure                  mbar             1274 2024-07-25 13:00:00    2024-09-16 14:00:00   
Temp                      °C               1274 2024-07-25 13:00:00    2024-09-16 14:00:00   
RH                        %                1274 2024-07-25 13:00:00    2024-09-16 14:00:00   
DewPt                     °C               1274 2024-07-25 13:00:00    2024-09-16 14:00:00   
Wind Speed                m/s              1274 2024-07-25 13:00:00    2024-09-16 14:00:00   
Gust Speed                m/s              1274 2024-07-25 13:00:00    2024-09-16 14:00:00   
Wind Direction            ø                1274 2024-07-25 13:00:00    2024-09-16 14:00:00   
Solar Radiation           W/m²             1274 2024-07-25 13:00:00    2024-09-16 14:00:00   
Wetness                   %                1274 2024-07-25 13:00:00    2024-09-16 14:00:00   
Water Content             m³/m³ 15 cm      1274 2024-07-25 13:00:00    2024-09-16 14:00:00   
Soil Temp                 °C               1274 2024-07-25 13:00:00    2024-09-16 14:00:00   
-----------------------------------------------------------------------------------------
TOTAL                                     15287                                              
Total variable types : 12
Total variable counts: 15287



====================================================================================================
📍 Station: IBB3Wx (File: IBB3 Pine Creek)
====================================================================================================
Variable                  Unit         Count    Start Time             End Time              
-----------------------------------------------------------------------------------------
Rain                      mm               8684 2023-09-20 15:00:00    2024-09-16 11:00:00   
Pressure                  mbar             8686 2023-09-20 14:00:00    2024-09-16 11:00:00   
Temp                      °C               8686 2023-09-20 14:00:00    2024-09-16 11:00:00   
RH                        %                8686 2023-09-20 14:00:00    2024-09-16 11:00:00   
DewPt                     °C               8686 2023-09-20 14:00:00    2024-09-16 11:00:00   
Wind Speed                m/s              8686 2023-09-20 14:00:00    2024-09-16 11:00:00   
Gust Speed                m/s              8686 2023-09-20 14:00:00    2024-09-16 11:00:00   
Wind Direction            ø                8686 2023-09-20 14:00:00    2024-09-16 11:00:00   
Solar Radiation           W/m²             8686 2023-09-20 14:00:00    2024-09-16 11:00:00   
Wetness                   %                8686 2023-09-20 14:00:00    2024-09-16 11:00:00   
Water Content             m³/m³ 15 cm      8686 2023-09-20 14:00:00    2024-09-16 11:00:00   
Soil Temp                 °C               8686 2023-09-20 14:00:00    2024-09-16 11:00:00   
-----------------------------------------------------------------------------------------
TOTAL                                    104230                                              
Total variable types : 12
Total variable counts: 104230



====================================================================================================
📍 Station: Inklin (File: Inklin)
====================================================================================================
Variable                  Unit         Count    Start Time             End Time              
-----------------------------------------------------------------------------------------
Rain                      mm               6533 2023-06-15 17:00:00    2024-04-18 23:00:00   
Pressure                  mbar             9257 2023-06-15 16:00:00    2024-08-10 09:00:00   
Temp                      ?C               6791 2023-11-01 12:00:00    2024-08-10 14:00:00   
RH                        %                9258 2023-06-15 16:00:00    2024-08-10 14:00:00   
DewPt                     ?C               6791 2023-11-01 12:00:00    2024-08-10 14:00:00   
Wind Speed                m/s              7400 2023-06-15 16:00:00    2024-08-10 14:00:00   
Gust Speed                m/s              7400 2023-06-15 16:00:00    2024-08-10 14:00:00   
Wind Direction            °                7400 2023-06-15 16:00:00    2024-08-10 14:00:00   
Solar Radiation           W/m?             7400 2023-06-15 16:00:00    2024-08-10 14:00:00   
-----------------------------------------------------------------------------------------
TOTAL                                     68230                                              
Total variable types : 9
Total variable counts: 68230



====================================================================================================
📍 Station: Kluskus (File: Kluskus)
====================================================================================================
Variable                  Unit         Count    Start Time             End Time              
-----------------------------------------------------------------------------------------
Rain                      mm             118388 2010-07-15 18:00:00    2024-09-16 11:00:00   
Pressure                  mbar           119575 2010-07-15 17:00:00    2024-09-16 11:00:00   
Temp                      °C             117672 2010-07-15 17:00:00    2024-09-16 11:00:00   
RH                        %              117672 2010-07-15 17:00:00    2024-09-16 11:00:00   
DewPt                     °C             117672 2010-07-15 17:00:00    2024-09-16 11:00:00   
Wind Speed                m/s            117671 2010-07-15 17:00:00    2024-09-16 11:00:00   
Gust Speed                m/s            117671 2010-07-15 17:00:00    2024-09-16 11:00:00   
Wind Direction            ø               79603 2010-07-15 17:00:00    2024-09-16 11:00:00   
Solar Radiation           W/m²           119574 2010-07-15 17:00:00    2024-09-16 11:00:00   
Water Content             m³/m³ 15 cm     63682 2016-07-13 13:00:00    2024-09-16 11:00:00   
WC_cal                    m³/m³           63042 2016-07-13 13:00:00    2024-09-16 11:00:00   
Soil Temp                 °C               2278 2024-06-13 13:00:00    2024-09-16 10:00:00   
Temp 2                    °C               7901 2023-10-12 12:00:00    2024-09-16 10:00:00   
RH 2                      %                8159 2023-10-12 12:00:00    2024-09-16 10:00:00   
DewPt 2                   °C               8159 2023-10-12 12:00:00    2024-09-16 10:00:00   
-----------------------------------------------------------------------------------------
TOTAL                                   1178719                                              
Total variable types : 15
Total variable counts: 1178719



====================================================================================================
📍 Station: MacJxnWx (File: MacJxn)
====================================================================================================
Variable                  Unit         Count    Start Time             End Time              
-----------------------------------------------------------------------------------------
Rain                      mm             115241 2010-04-28 14:00:00    2024-08-28 09:00:00   
Pressure                  mbar           120408 2010-04-28 14:00:00    2024-08-28 09:00:00   
Temp                      °C             121382 2010-04-28 14:00:00    2024-08-28 09:00:00   
RH                        %              121382 2010-04-28 14:00:00    2024-08-28 09:00:00   
DewPt                     °C             121382 2010-04-28 14:00:00    2024-08-28 09:00:00   
Wind Speed                m/s            112553 2010-04-28 14:00:00    2024-07-24 11:00:00   
Gust Speed                m/s            112553 2010-04-28 14:00:00    2024-07-24 11:00:00   
Wind Direction            ø              120032 2010-04-28 14:00:00    2024-08-28 09:00:00   
Solar Radiation           W/m²           115795 2010-04-28 14:00:00    2024-08-28 09:00:00   
Wetness                   %              121382 2010-04-28 14:00:00    2024-08-28 09:00:00   
Water Content             m³/m³ 15 cm     58127 2017-06-22 11:00:00    2024-08-28 09:00:00   
WC_cal                    m³/m³           52904 2017-06-22 11:00:00    2024-08-28 09:00:00   
-----------------------------------------------------------------------------------------
TOTAL                                   1293141                                              
Total variable types : 12
Total variable counts: 1293141



====================================================================================================
📍 Station: MiddleforkWx (File: Middlefork)
====================================================================================================
Variable                  Unit         Count    Start Time             End Time              
-----------------------------------------------------------------------------------------
Rain                      mm             132332 2007-07-11 21:00:00    2024-08-14 12:00:00   
Pressure                  mbar           132178 2007-07-11 20:00:00    2024-08-14 12:00:00   
Temp                      °C             132341 2007-07-11 20:00:00    2024-08-14 12:00:00   
RH                        %              132341 2007-07-11 20:00:00    2024-08-14 12:00:00   
DewPt                     °C             132341 2007-07-11 20:00:00    2024-08-14 12:00:00   
Wind Speed                m/s            132341 2007-07-11 20:00:00    2024-08-14 12:00:00   
Gust Speed                m/s            132341 2007-07-11 20:00:00    2024-08-14 12:00:00   
Wind Direction            ø              132341 2007-07-11 20:00:00    2024-08-14 12:00:00   
Solar Radiation           W/m²           132101 2007-07-11 20:00:00    2024-08-14 12:00:00   
Water Content             m³/m³ 15 cm     43920 2019-08-11 11:00:00    2024-08-14 12:00:00   
WC_cal                    m³/m³           43920 2019-08-11 11:00:00    2024-08-14 12:00:00   
-----------------------------------------------------------------------------------------
TOTAL                                   1278497                                              
Total variable types : 11
Total variable counts: 1278497



====================================================================================================
📍 Station: NondaWx (File: NondaWx)
====================================================================================================
Variable                  Unit         Count    Start Time             End Time              
-----------------------------------------------------------------------------------------
Rain                      mm              93915 2007-07-12 16:00:00    2025-01-09 08:00:00   
Pressure                  mbar            98626 2007-07-12 16:00:00    2025-01-09 08:00:00   
Temp                      °C              80290 2007-07-12 16:00:00    2025-01-09 08:00:00   
RH                        %               80293 2007-07-12 16:00:00    2025-01-09 08:00:00   
DewPt                     °C              80290 2007-07-12 16:00:00    2025-01-09 08:00:00   
Wind Speed                m/s            101306 2007-07-12 16:00:00    2024-07-19 09:00:00   
Gust Speed                m/s            101302 2007-07-12 16:00:00    2024-07-19 09:00:00   
Wind Direction            ø               83041 2007-07-12 16:00:00    2024-07-19 09:00:00   
Solar Radiation           W/m²           108302 2007-07-12 16:00:00    2025-01-09 08:00:00   
Temp 2                    °C              32280 2019-08-10 11:00:00    2024-07-20 22:00:00   
RH 2                      %               32280 2019-08-10 11:00:00    2024-07-20 22:00:00   
DewPt 2                   °C              32280 2019-08-10 11:00:00    2024-07-20 22:00:00   
-----------------------------------------------------------------------------------------
TOTAL                                    924205                                              
Total variable types : 12
Total variable counts: 924205



====================================================================================================
📍 Station: PinkWx (File: PinkMtnWx)
====================================================================================================
Variable                  Unit         Count    Start Time             End Time              
-----------------------------------------------------------------------------------------
Rain                      mm             128002 2008-09-08 16:00:00    2025-01-09 08:00:00   
Pressure                  mbar           124468 2008-09-08 16:00:00    2025-01-09 08:00:00   
Temp                      °C             125657 2008-09-08 16:00:00    2025-01-09 08:00:00   
RH                        %              125672 2008-09-08 16:00:00    2025-01-09 08:00:00   
DewPt                     °C             125657 2008-09-08 16:00:00    2025-01-09 08:00:00   
Wind Speed                m/s            111279 2008-09-08 16:00:00    2025-01-09 08:00:00   
Gust Speed                m/s            111279 2008-09-08 16:00:00    2025-01-09 08:00:00   
Wind Direction            ø               66350 2008-09-08 16:00:00    2025-01-09 08:00:00   
Solar Radiation           W/m²           120407 2008-09-08 16:00:00    2025-01-09 08:00:00   
Temp 2                    °C               3527 2024-08-15 10:00:00    2025-01-09 08:00:00   
RH 2                      %                3527 2024-08-15 10:00:00    2025-01-09 08:00:00   
DewPt 2                   °C               3527 2024-08-15 10:00:00    2025-01-09 08:00:00   
Rain raw                  mm             128491 2008-09-08 16:00:00    2025-01-09 08:00:00   
-----------------------------------------------------------------------------------------
TOTAL                                   1177843                                              
Total variable types : 13
Total variable counts: 1177843



====================================================================================================
📍 Station: SaxtonWx (File: SaxtonLakeWx)
====================================================================================================
Variable                  Unit         Count    Start Time             End Time              
-----------------------------------------------------------------------------------------
Rain                      mm             145510 2007-07-04 10:00:00    2024-10-09 08:00:00   
Pressure                  mbar           145521 2007-07-04 10:00:00    2024-10-09 08:00:00   
Temp                      ?C             145521 2007-07-04 10:00:00    2024-10-09 08:00:00   
RH                        %              142014 2007-07-04 10:00:00    2024-10-09 08:00:00   
DewPt                     ?C             142014 2007-07-04 10:00:00    2024-10-09 08:00:00   
Wind Speed                m/s            143455 2007-07-04 10:00:00    2024-10-09 08:00:00   
Gust Speed                m/s            143455 2007-07-04 10:00:00    2024-10-09 08:00:00   
Wind Direction            ?              137092 2007-07-04 10:00:00    2024-10-09 08:00:00   
Solar Radiation           W/m?           145520 2007-07-04 10:00:00    2024-10-09 08:00:00   
Water Content             m?/m? 15 cm    116206 2017-06-16 11:00:00    2024-10-09 08:00:00   
WC_cal                    m?/m?           58280 2017-06-16 11:00:00    2024-10-09 08:00:00   
Temp 2                    ?C              54745 2018-05-17 10:00:00    2024-10-09 08:00:00   
RH 2                      %               54745 2018-05-17 10:00:00    2024-10-09 08:00:00   
DewPt 2                   ?C              54745 2018-05-17 10:00:00    2024-10-09 08:00:00   
-----------------------------------------------------------------------------------------
TOTAL                                   1628823                                              
Total variable types : 14
Total variable counts: 1628823



====================================================================================================
📍 Station: SeebachWx (File: Seebach)
====================================================================================================
Variable                  Unit         Count    Start Time             End Time              
-----------------------------------------------------------------------------------------
Rain                      mm              10582 2023-07-13 13:00:00    2024-09-26 10:11:00   
Pressure                  mbar            10583 2023-07-13 12:00:00    2024-09-26 10:11:00   
Temp                      °C              10165 2023-07-13 12:00:00    2024-09-26 10:11:00   
RH                        %               10165 2023-07-13 12:00:00    2024-09-26 10:11:00   
DewPt                     °C              10165 2023-07-13 12:00:00    2024-09-26 10:11:00   
Wind Speed                m/s             10583 2023-07-13 12:00:00    2024-09-26 10:11:00   
Gust Speed                m/s             10583 2023-07-13 12:00:00    2024-09-26 10:11:00   
Wind Direction            ø               10583 2023-07-13 12:00:00    2024-09-26 10:11:00   
Solar Radiation           W/m²            10583 2023-07-13 12:00:00    2024-09-26 10:11:00   
Wetness                   %               10583 2023-07-13 12:00:00    2024-09-26 10:11:00   
Water Content             m³/m³ 15 cm     10583 2023-07-13 12:00:00    2024-09-26 10:11:00   
Soil Temp                 °C              10583 2023-07-13 12:00:00    2024-09-26 10:11:00   
-----------------------------------------------------------------------------------------
TOTAL                                    125741                                              
Total variable types : 12
Total variable counts: 125741



====================================================================================================
📍 Station: Sunbeam (File: Sunbeam)
====================================================================================================
Variable                  Unit         Count    Start Time             End Time              
-----------------------------------------------------------------------------------------
Rain                      mm             111110 2009-09-09 17:00:00    2025-01-09 08:00:00   
Pressure                  mbar            99320 2009-09-09 16:00:00    2025-01-09 08:00:00   
Temp                      °C             106393 2009-09-09 16:00:00    2025-01-09 08:00:00   
RH                        %              106393 2009-09-09 16:00:00    2025-01-09 08:00:00   
DewPt                     °C              90303 2012-08-17 12:00:00    2025-01-09 08:00:00   
Wind Speed                m/s            105199 2009-09-09 16:00:00    2025-01-09 08:00:00   
Gust Speed                m/s            105184 2009-09-09 16:00:00    2025-01-09 08:00:00   
Wind Direction            ø               73610 2009-09-09 16:00:00    2025-01-09 08:00:00   
Solar Radiation           W/m²           109375 2009-09-09 16:00:00    2025-01-09 08:00:00   
Snow depth raw            cm               5612 2022-09-28 09:00:00    2023-09-15 10:00:00   
Snow depth                cm               6923 2022-09-28 09:00:00    2023-09-15 10:00:00   
Temp 2                    °C              11565 2023-09-15 12:00:00    2025-01-09 08:00:00   
RH 2                      %               11565 2023-09-15 12:00:00    2025-01-09 08:00:00   
DewPt 2                   °C              11565 2023-09-15 12:00:00    2025-01-09 08:00:00   
-----------------------------------------------------------------------------------------
TOTAL                                    954117                                              
Total variable types : 14
Total variable counts: 954117



====================================================================================================
📍 Station: Tamarac (File: Tamarac)
====================================================================================================
Variable                  Unit         Count    Start Time             End Time              
-----------------------------------------------------------------------------------------
Rain                      mm              28054 2021-07-29 14:00:00    2024-10-10 12:00:00   
Temp                      °C              26127 2021-07-29 13:00:00    2024-07-22 03:00:00   
RH                        %               26127 2021-07-29 13:00:00    2024-07-22 03:00:00   
DewPt                     °C              26127 2021-07-29 13:00:00    2024-07-22 03:00:00   
Wind Speed                m/s             28053 2021-07-29 13:00:00    2024-10-10 12:00:00   
Gust Speed                m/s             28053 2021-07-29 13:00:00    2024-10-10 12:00:00   
Water Content             m³/m³ 15 cm     75426 2021-07-21 15:00:00    2024-07-18 21:00:00   
WC_cal                    m³/m³           24854 2021-07-21 15:00:00    2024-07-18 20:00:00   
Soil Temp                 °C              25715 2021-07-21 15:00:00    2024-07-18 06:00:00   
-----------------------------------------------------------------------------------------
TOTAL                                    288536                                              
Total variable types : 9
Total variable counts: 288536



====================================================================================================
📍 Station: ThompsonWx (File: Thompson)
====================================================================================================
Variable                  Unit         Count    Start Time             End Time              
-----------------------------------------------------------------------------------------
Rain                      mm             129162 2007-09-12 17:00:00    2024-09-24 10:00:00   
Pressure                  mbar           131662 2007-09-12 17:00:00    2024-09-24 10:00:00   
Temp                      ?C             131662 2007-09-12 17:00:00    2024-09-24 10:00:00   
RH                        %              131662 2007-09-12 17:00:00    2024-09-24 10:00:00   
DewPt                     ?C             131662 2007-09-12 17:00:00    2024-09-24 10:00:00   
Wind Speed                m/s            129708 2007-09-12 17:00:00    2024-09-24 10:00:00   
Gust Speed                m/s            129710 2007-09-12 17:00:00    2024-09-24 10:00:00   
Wind Direction            °              123789 2007-09-12 17:00:00    2024-09-24 10:00:00   
Solar Radiation           W/m?           131662 2007-09-12 17:00:00    2024-09-24 10:00:00   
Wetness                   %              131662 2007-09-12 17:00:00    2024-09-24 10:00:00   
Water Content             m?/m? 15 cm     70003 2016-09-29 12:00:00    2024-09-24 10:00:00   
WC_cal                    m?/m?           59331 2016-09-29 12:00:00    2024-08-11 04:00:00   
Soil Temp                 ?C              11014 2023-06-23 13:00:00    2024-09-24 10:00:00   
-----------------------------------------------------------------------------------------
TOTAL                                   1442689                                              
Total variable types : 13
Total variable counts: 1442689



====================================================================================================
📍 Station: Willow-BowronWx (File: WillowBowron PGTIS 2)
====================================================================================================
Variable                  Unit         Count    Start Time             End Time              
-----------------------------------------------------------------------------------------
Rain                      mm             133803 2007-07-31 15:00:00    2024-10-24 09:00:00   
Pressure                  mbar           136334 2007-07-31 15:00:00    2024-10-24 09:00:00   
Temp                      °C             135209 2007-07-31 15:00:00    2024-10-24 09:00:00   
RH                        %              135209 2007-07-31 15:00:00    2024-10-24 09:00:00   
DewPt                     °C             135209 2007-07-31 15:00:00    2024-10-24 09:00:00   
Wind Speed                m/s            128920 2007-07-31 15:00:00    2024-10-24 09:00:00   
Gust Speed                m/s            128919 2007-07-31 15:00:00    2024-10-24 09:00:00   
Wind Direction            ø              104298 2007-07-31 15:00:00    2024-10-24 09:00:00   
Solar Radiation           W/m²           135239 2007-07-31 15:00:00    2024-10-24 09:00:00   
Wetness                   %              128728 2008-06-12 13:00:00    2024-10-24 09:00:00   
-----------------------------------------------------------------------------------------
TOTAL                                   1301868                                              
Total variable types : 10
Total variable counts: 1301868


✅ All stations summarized successfully.
