🔄 Using manual correction for 'Atlin School': 'Atlin' (exact match)...

============================================================================================================================================
📍 Station: Atlin School (manual correction: Atlin)
============================================================================================================================================
Station                   Variable                  Unit         Earliest Time          Latest Time            Count     
--------------------------------------------------------------------------------------------------------------------
Atlin                     CURRENT_AIR_TEMPERATURE1  celsius      1988-01-02 07:30:00    2001-11-02 07:00:00          4800
Atlin                     HEIGHT_OF_SNOW            cm           1988-01-02 07:30:00    2001-11-02 07:00:00          4730
Atlin                     MAXIMUM_AIR_TEMPERATURE   celsius      1988-01-02 07:30:00    2001-11-02 07:00:00          4799
Atlin                     MINIMUM_AIR_TEMPERATURE   celsius      1988-01-02 07:30:00    2001-11-02 07:00:00          4800
Atlin                     PRECIPITATION_NEW         mm           1990-04-13 07:00:00    1993-03-19 15:30:00            28
Atlin                     RELATIVE_HUMIDITY1        %            1989-05-12 16:00:00    1991-05-15 07:00:00             5
Atlin                     STANDARD_SNOW             cm           1988-01-02 07:30:00    2001-11-02 07:00:00          4718
Atlin                     STORM_SNOW                cm           1988-01-02 07:30:00    1989-05-31 16:00:00           354
--------------------------------------------------------------------------------------------------------------------
TOTAL                                                                                                               24234
Number of variable types: 8


============================================================================================================================================
📍 Station: BarrenWx
============================================================================================================================================
Station                   Variable                  Unit         Earliest Time          Latest Time            Count     
--------------------------------------------------------------------------------------------------------------------
BarrenWx                  DewPtC                    celsius      2021-07-09 12:00:00    2023-09-18 12:00:00         19225
BarrenWx                  GustSpeedms               m s-1        2021-07-09 12:00:00    2023-09-18 12:00:00         19225
BarrenWx                  Pressurembar              millibar     2021-07-09 12:00:00    2023-09-18 12:00:00         19225
BarrenWx                  Rainmm                    mm           2021-07-09 13:00:00    2023-09-18 12:00:00         19224
BarrenWx                  RH                        %            2021-07-09 12:00:00    2023-09-18 12:00:00         19225
BarrenWx                  Soil_Temp                 celsius      2021-07-09 12:00:00    2023-09-18 12:00:00         19225
BarrenWx                  SolarRadiationWm          W m-2        2021-07-09 12:00:00    2023-09-18 12:00:00         19225
BarrenWx                  TempC                     celsius      2021-07-09 12:00:00    2023-09-18 12:00:00         19225
BarrenWx                  Water_Content_m3_m3_15_cm m3/m3        2021-07-09 12:00:00    2023-09-18 12:00:00         19225
BarrenWx                  Water_Content_m3_m3_30_cm m3/m3        2021-07-09 12:00:00    2023-09-18 12:00:00         19225
BarrenWx                  Water_Content_m3_m3_5_cm  m3/m3        2021-07-09 12:00:00    2023-09-18 12:00:00         19225
BarrenWx                  WindDirection             degree       2021-07-09 12:00:00    2023-09-18 12:00:00         19225
BarrenWx                  WindSpeedms               m s-1        2021-07-09 12:00:00    2023-09-18 12:00:00         19225
--------------------------------------------------------------------------------------------------------------------
TOTAL                                                                                                              249924
Number of variable types: 13

🔄 No data for 'BlackhawkWx', retrying as 'Blackhawk' (LIKE search)...

============================================================================================================================================
📍 Station: BlackhawkWx (retry: Blackhawk)
============================================================================================================================================
Station                   Variable                  Unit         Earliest Time          Latest Time            Count     
--------------------------------------------------------------------------------------------------------------------
Blackhawk                 DewPtC                    celsius      2012-05-24 13:00:00    2024-01-05 08:00:00        101820
Blackhawk                 GustSpeedms               m s-1        2012-05-24 13:00:00    2024-01-05 08:00:00        101820
Blackhawk                 Pressurembar              millibar     2012-05-24 13:00:00    2024-01-05 08:00:00        101807
Blackhawk                 Rainmm                    mm           2012-05-24 14:00:00    2024-01-05 08:00:00        101814
Blackhawk                 RH                        %            2012-05-24 13:00:00    2024-01-05 08:00:00        101820
Blackhawk                 Snow_Depth                cm           2016-10-26 14:00:00    2024-01-05 08:00:00         60663
Blackhawk                 SolarRadiationWm          W m-2        2012-05-24 13:00:00    2024-01-05 08:00:00        101810
Blackhawk                 TempC                     celsius      2012-05-24 13:00:00    2024-01-05 08:00:00        101820
Blackhawk                 Water_Content_m3_m3_15_cm m3/m3        2017-07-27 12:00:00    2024-01-05 08:00:00         54066
Blackhawk                 WindDirection             degree       2012-05-24 13:00:00    2024-01-05 08:00:00         87843
Blackhawk                 WindSpeedms               m s-1        2012-05-24 13:00:00    2024-01-05 08:00:00        101820
--------------------------------------------------------------------------------------------------------------------
TOTAL                                                                                                             1017103
Number of variable types: 11

🔄 Using manual correction for 'BoulderWx': 'BOULDER CREEK' (exact match)...

============================================================================================================================================
📍 Station: BoulderWx (manual correction: BOULDER CREEK)
============================================================================================================================================
Station                   Variable                  Unit         Earliest Time          Latest Time            Count     
--------------------------------------------------------------------------------------------------------------------
BOULDER CREEK             precipitation             mm           2015-09-12 21:00:00    2025-10-23 00:00:00         80069
BOULDER CREEK             relative_humidity         %            2015-09-12 21:00:00    2025-10-23 00:00:00         80072
BOULDER CREEK             temperature               celsius      2015-09-12 21:00:00    2025-10-23 00:00:00         78907
BOULDER CREEK             wind_direction            degree       2015-09-12 21:00:00    2025-10-23 00:00:00         75727
BOULDER CREEK             wind_speed                km/h         2015-09-12 21:00:00    2025-10-23 00:00:00         75727
--------------------------------------------------------------------------------------------------------------------
TOTAL                                                                                                              390502
Number of variable types: 5

🔄 Using manual correction for 'BowronPit': 'Bowron Pit' (exact match)...

============================================================================================================================================
📍 Station: BowronPit (manual correction: Bowron Pit)
============================================================================================================================================
Station                   Variable                  Unit         Earliest Time          Latest Time            Count     
--------------------------------------------------------------------------------------------------------------------
Bowron Pit                DewPtC                    celsius      2018-09-13 12:00:00    2024-01-05 08:00:00         46553
Bowron Pit                GustSpeedms               m s-1        2018-09-13 12:00:00    2024-01-05 08:00:00         46553
Bowron Pit                Pressurembar              millibar     2018-09-13 12:00:00    2024-01-05 08:00:00         46553
Bowron Pit                Rainmm                    mm           2018-09-13 13:00:00    2024-01-05 08:00:00         46544
Bowron Pit                RH                        %            2018-08-29 15:00:00    2024-01-05 08:00:00         46911
Bowron Pit                Snow_Depth                cm           2019-11-01 12:00:00    2024-01-05 08:00:00         36497
Bowron Pit                SolarRadiationWm          W m-2        2018-09-13 12:00:00    2024-01-05 08:00:00         46553
Bowron Pit                TempC                     celsius      2018-08-29 15:00:00    2024-01-05 08:00:00         46911
Bowron Pit                Water_Content_m3_m3_15_cm m3/m3        2018-09-13 12:00:00    2024-01-05 08:00:00         46553
Bowron Pit                WindDirection             degree       2018-09-13 12:00:00    2024-01-05 08:00:00         38044
Bowron Pit                WindSpeedms               m s-1        2018-09-13 12:00:00    2024-01-05 08:00:00         46553
--------------------------------------------------------------------------------------------------------------------
TOTAL                                                                                                              494225
Number of variable types: 11


============================================================================================================================================
📍 Station: BulkleyWx
============================================================================================================================================
Station                   Variable                  Unit         Earliest Time          Latest Time            Count     
--------------------------------------------------------------------------------------------------------------------
BulkleyWx                 DewPtC                    celsius      2007-07-31 12:00:03    2023-10-17 10:00:00        149952
BulkleyWx                 GustSpeedms               m s-1        2007-07-31 12:00:03    2023-10-17 10:00:00        152238
BulkleyWx                 Pressurembar              millibar     2007-07-31 12:00:03    2023-10-17 10:00:00        152245
BulkleyWx                 Rainmm                    mm           2007-07-31 12:00:03    2023-10-17 10:00:00        148001
BulkleyWx                 RH                        %            2007-07-31 12:00:03    2023-10-17 10:00:00        149958
BulkleyWx                 SolarRadiationWm          W m-2        2007-07-31 12:00:03    2023-10-17 10:00:00        148001
BulkleyWx                 TempC                     celsius      2007-07-31 12:00:03    2023-10-17 10:00:00        151836
BulkleyWx                 Wetness                   %            2007-07-31 12:00:03    2023-10-17 10:00:00        142622
BulkleyWx                 WindDirection             degree       2007-07-31 12:00:03    2023-10-17 10:00:00        152245
BulkleyWx                 WindSpeedms               m s-1        2007-07-31 12:00:03    2023-10-17 10:00:00        152245
--------------------------------------------------------------------------------------------------------------------
TOTAL                                                                                                             1499343
Number of variable types: 10


============================================================================================================================================
📍 Station: CPFWx
============================================================================================================================================
Station                   Variable                  Unit         Earliest Time          Latest Time            Count     
--------------------------------------------------------------------------------------------------------------------
CPFWx                     DewPtC                    celsius      2007-08-09 13:00:00    2023-10-17 08:00:00        158901
CPFWx                     GustSpeedms               m s-1        2007-08-09 13:00:00    2023-10-17 08:00:00        161966
CPFWx                     Pressurembar              millibar     2007-08-09 13:00:00    2023-10-17 08:00:00        158392
CPFWx                     Rainmm                    mm           2007-08-09 13:00:00    2023-10-17 08:00:00        158900
CPFWx                     RH                        %            2007-08-09 13:00:00    2023-10-17 08:00:00        158901
CPFWx                     SolarRadiationWm          W m-2        2007-08-09 13:00:00    2023-10-17 08:00:00        161967
CPFWx                     TempC                     celsius      2007-08-09 13:00:00    2023-10-17 08:00:00        161658
CPFWx                     Wetness                   %            2007-08-09 13:00:00    2023-10-17 08:00:00        153885
CPFWx                     WindDirection             degree       2007-08-09 13:00:00    2023-10-17 08:00:00        161967
CPFWx                     WindSpeedms               m s-1        2007-08-09 13:00:00    2023-10-17 08:00:00        161967
--------------------------------------------------------------------------------------------------------------------
TOTAL                                                                                                             1598504
Number of variable types: 10


============================================================================================================================================
📍 Station: Canoe Mountain Stn
============================================================================================================================================
Station                   Variable                  Unit         Earliest Time          Latest Time            Count     
--------------------------------------------------------------------------------------------------------------------
Canoe Mountain Stn        DewPtC                    celsius      2012-03-22 11:00:00    2024-01-05 10:00:00         86150
Canoe Mountain Stn        GustSpeedms               m s-1        2012-03-22 11:00:00    2024-01-05 10:00:00         80084
Canoe Mountain Stn        Pressurembar              millibar     2012-03-22 11:00:00    2024-01-05 10:00:00         82695
Canoe Mountain Stn        Rainmm                    mm           2012-03-22 12:00:00    2024-01-05 10:00:00         82776
Canoe Mountain Stn        RH                        %            2012-03-22 11:00:00    2024-01-05 10:00:00         86150
Canoe Mountain Stn        SolarRadiationWm          W m-2        2012-03-22 11:00:00    2024-01-05 10:00:00         86146
Canoe Mountain Stn        TempC                     celsius      2012-03-22 11:00:00    2024-01-05 10:00:00         87447
Canoe Mountain Stn        WindDirection             degree       2012-03-22 11:00:00    2024-01-05 10:00:00         76548
Canoe Mountain Stn        WindSpeedms               m s-1        2012-03-22 11:00:00    2024-01-05 10:00:00         80293
--------------------------------------------------------------------------------------------------------------------
TOTAL                                                                                                              748289
Number of variable types: 9


============================================================================================================================================
📍 Station: Caribou Pass
============================================================================================================================================
Station                   Variable                  Unit         Earliest Time          Latest Time            Count     
--------------------------------------------------------------------------------------------------------------------
Caribou Pass              DewPtC                    celsius      2023-08-04 11:00:00    2023-12-14 06:00:00          3164
Caribou Pass              GustSpeedms               m s-1        2023-08-04 11:00:00    2024-01-05 11:00:00          3697
Caribou Pass              Pressurembar              millibar     2023-08-04 11:00:00    2024-01-05 11:00:00          3697
Caribou Pass              Rainmm                    mm           2023-08-04 12:00:00    2024-01-05 11:00:00          3696
Caribou Pass              RH                        %            2023-08-04 11:00:00    2023-12-14 06:00:00          3164
Caribou Pass              SolarRadiationWm          W m-2        2023-08-04 11:00:00    2024-01-05 11:00:00          3697
Caribou Pass              TempC                     celsius      2023-08-04 11:00:00    2023-12-14 06:00:00          3164
Caribou Pass              WindDirection             degree       2023-08-04 11:00:00    2024-01-05 11:00:00          3697
Caribou Pass              WindSpeedms               m s-1        2023-08-04 11:00:00    2024-01-05 11:00:00          3697
--------------------------------------------------------------------------------------------------------------------
TOTAL                                                                                                               31673
Number of variable types: 9


============================================================================================================================================
📍 Station: ChapmanWx
============================================================================================================================================
Station                   Variable                  Unit         Earliest Time          Latest Time            Count     
--------------------------------------------------------------------------------------------------------------------
ChapmanWx                 DewPtC                    celsius      2021-07-08 12:00:00    2023-09-22 08:00:00         19340
ChapmanWx                 GustSpeedms               m s-1        2021-07-08 12:00:00    2023-09-22 08:00:00         19340
ChapmanWx                 Pressurembar              millibar     2021-07-08 12:00:00    2023-09-22 08:00:00         19340
ChapmanWx                 Rainmm                    mm           2021-07-08 13:00:00    2023-09-22 08:00:00         19338
ChapmanWx                 RH                        %            2021-07-08 12:00:00    2023-09-22 08:00:00         19340
ChapmanWx                 Soil_Temp                 celsius      2021-07-08 12:00:00    2023-09-22 08:00:00         19340
ChapmanWx                 SolarRadiationWm          W m-2        2021-07-08 12:00:00    2023-09-22 08:00:00         19340
ChapmanWx                 TempC                     celsius      2021-07-08 12:00:00    2023-09-22 08:00:00         19340
ChapmanWx                 Water_Content_m3_m3_15_cm m3/m3        2021-07-08 12:00:00    2022-10-27 08:00:00         11421
ChapmanWx                 Water_Content_m3_m3_30_cm m3/m3        2021-07-08 12:00:00    2022-10-27 08:00:00         11421
ChapmanWx                 Water_Content_m3_m3_5_cm  m3/m3        2021-07-08 12:00:00    2022-10-27 08:00:00         11421
ChapmanWx                 WindDirection             degree       2021-07-08 12:00:00    2023-09-22 08:00:00         19340
ChapmanWx                 WindSpeedms               m s-1        2021-07-08 12:00:00    2023-09-22 08:00:00         19340
--------------------------------------------------------------------------------------------------------------------
TOTAL                                                                                                              227661
Number of variable types: 13

🔄 Using manual correction for 'ChiefLakeWx': 'CHIEF LAKE' (exact match)...

============================================================================================================================================
📍 Station: ChiefLakeWx (manual correction: CHIEF LAKE)
============================================================================================================================================
Station                   Variable                  Unit         Earliest Time          Latest Time            Count     
--------------------------------------------------------------------------------------------------------------------
CHIEF LAKE                ACCPPT1                   mm           1968-05-31 00:00:00    1973-09-26 00:00:00            24
CHIEF LAKE                ACCPPT2                   mm           1968-05-31 00:00:00    1973-09-26 00:00:00            20
CHIEF LAKE                MAXTMP                    celsius      1968-05-07 00:00:00    1969-11-03 00:00:00           339
CHIEF LAKE                MINTMP                    celsius      1968-05-08 00:00:00    1969-11-04 00:00:00           338
CHIEF LAKE                ONE_DAY_PRECIPITATION     mm           1970-06-01 00:00:00    1980-04-30 00:00:00          3608
CHIEF LAKE                ONE_DAY_RAIN              mm           1970-06-01 00:00:00    1980-04-30 00:00:00          3608
CHIEF LAKE                ONE_DAY_SNOW              cm           1970-06-01 00:00:00    1980-04-30 00:00:00          3608
CHIEF LAKE                Precip_Climatology        mm           2000-01-31 23:59:59    2000-12-31 23:59:59            12
--------------------------------------------------------------------------------------------------------------------
TOTAL                                                                                                               11557
Number of variable types: 8

🔄 No data for 'CoalmineWx', retrying as 'Coalmine' (LIKE search)...

============================================================================================================================================
📍 Station: CoalmineWx (retry: Coalmine)
============================================================================================================================================
Station                   Variable                  Unit         Earliest Time          Latest Time            Count     
--------------------------------------------------------------------------------------------------------------------
Coalmine Wx               DewPtC                    celsius      2018-09-14 14:00:00    2023-09-26 09:00:00         44106
Coalmine Wx               GustSpeedms               m s-1        2018-09-14 14:00:00    2023-09-26 09:00:00         44107
Coalmine Wx               Pressurembar              millibar     2018-09-14 14:00:00    2023-09-26 09:00:00         44107
Coalmine Wx               Rainmm                    mm           2018-09-14 15:00:00    2023-09-26 09:00:00         44103
Coalmine Wx               RH                        %            2018-08-29 14:00:00    2023-09-26 09:00:00         44490
Coalmine Wx               SolarRadiationWm          W m-2        2018-09-14 14:00:00    2023-09-26 09:00:00         42519
Coalmine Wx               TempC                     celsius      2018-08-29 14:00:00    2023-09-26 09:00:00         44491
Coalmine Wx               Water_Content_m3_m3_15_cm m3/m3        2019-06-26 10:00:00    2023-09-26 09:00:00         31387
Coalmine Wx               WindDirection             degree       2018-09-14 14:00:00    2023-09-26 09:00:00         44107
Coalmine Wx               WindSpeedms               m s-1        2018-09-14 14:00:00    2023-09-26 09:00:00         44107
--------------------------------------------------------------------------------------------------------------------
TOTAL                                                                                                              427524
Number of variable types: 10

❌ No data found for 'CrookedLk' after all attempts.

🔄 No data for 'CrystalWx', retrying as 'Crystal' (LIKE search)...

============================================================================================================================================
📍 Station: CrystalWx (retry: Crystal)
============================================================================================================================================
Station                   Variable                  Unit         Earliest Time          Latest Time            Count     
--------------------------------------------------------------------------------------------------------------------
Crystal Lake              DewPtC                    celsius      2010-04-29 13:00:00    2023-10-11 11:00:00        111331
Crystal Lake              GustSpeedms               m s-1        2010-04-29 13:00:00    2023-10-11 11:00:00        110351
Crystal Lake              Pressurembar              millibar     2010-04-29 13:00:00    2023-10-11 11:00:00        111326
Crystal Lake              Rainmm                    mm           2010-04-29 13:00:00    2023-10-11 11:00:00        110543
Crystal Lake              RH                        %            2010-04-29 13:00:00    2023-10-11 11:00:00        111332
Crystal Lake              SolarRadiationWm          W m-2        2010-04-29 13:00:00    2023-10-11 11:00:00        106939
Crystal Lake              TempC                     celsius      2010-04-29 13:00:00    2023-10-11 11:00:00        111331
Crystal Lake              Water_Content_m3_m3_15_cm m3/m3        2017-09-14 11:00:00    2023-10-11 11:00:00         50180
Crystal Lake              Wetness                   %            2010-04-29 13:00:00    2023-10-11 11:00:00        110552
Crystal Lake              WindDirection             degree       2010-04-29 13:00:00    2023-10-11 11:00:00         80369
Crystal Lake              WindSpeedms               m s-1        2010-04-29 13:00:00    2023-10-11 11:00:00        110371
--------------------------------------------------------------------------------------------------------------------
TOTAL                                                                                                             1124625
Number of variable types: 11

🔄 Using manual correction for 'Dennis': 'Dennis' (exact match)...

============================================================================================================================================
📍 Station: Dennis (manual correction: Dennis)
============================================================================================================================================
Station                   Variable                  Unit         Earliest Time          Latest Time            Count     
--------------------------------------------------------------------------------------------------------------------
Dennis                    DewPtC                    celsius      2021-07-07 17:00:00    2023-09-19 13:00:00         11933
Dennis                    GustSpeedms               m s-1        2021-07-07 17:00:00    2023-09-19 13:00:00         19290
Dennis                    Pressurembar              millibar     2021-07-07 17:00:00    2023-09-19 13:00:00         19290
Dennis                    Rainmm                    mm           2021-07-07 18:00:00    2023-09-19 13:00:00         19287
Dennis                    RH                        %            2021-07-07 17:00:00    2023-09-19 13:00:00         11934
Dennis                    Soil_Temp                 celsius      2021-07-07 17:00:00    2023-09-19 13:00:00         19290
Dennis                    SolarRadiationWm          W m-2        2021-07-07 17:00:00    2023-09-19 13:00:00         19290
Dennis                    TempC                     celsius      2021-07-07 17:00:00    2023-09-19 13:00:00         11933
Dennis                    Water_Content_m3_m3_15_cm m3/m3        2021-07-07 17:00:00    2023-09-19 13:00:00         19290
Dennis                    Water_Content_m3_m3_30_cm m3/m3        2021-07-07 17:00:00    2023-09-19 13:00:00         19290
Dennis                    Water_Content_m3_m3_5_cm  m3/m3        2021-07-07 17:00:00    2023-02-28 00:00:00         11861
Dennis                    WindDirection             degree       2021-07-07 17:00:00    2023-09-19 13:00:00         19290
Dennis                    WindSpeedms               m s-1        2021-07-07 17:00:00    2023-09-19 13:00:00         19290
--------------------------------------------------------------------------------------------------------------------
TOTAL                                                                                                              221268
Number of variable types: 13

🔄 Using manual correction for 'DunsterWx': 'DUNSTER' (exact match)...

============================================================================================================================================
📍 Station: DunsterWx (manual correction: DUNSTER)
============================================================================================================================================
Station                   Variable                  Unit         Earliest Time          Latest Time            Count     
--------------------------------------------------------------------------------------------------------------------
DUNSTER                   MAX_TEMP                  celsius      1975-05-02 00:00:00    1995-04-30 00:00:00          7302
DUNSTER                   MIN_TEMP                  celsius      1975-05-03 00:00:00    1995-04-30 00:00:00          7302
DUNSTER                   ONE_DAY_PRECIPITATION     mm           1974-05-05 00:00:00    1995-04-30 00:00:00          7659
DUNSTER                   ONE_DAY_RAIN              mm           1974-05-05 00:00:00    1995-04-30 00:00:00          7659
DUNSTER                   ONE_DAY_SNOW              cm           1974-05-05 00:00:00    1995-04-30 00:00:00          7666
DUNSTER                   Precip_Climatology        mm           2000-01-31 23:59:59    2000-12-31 23:59:59            12
DUNSTER                   SNOW_ON_THE_GROUND        cm           1980-08-01 00:00:00    1995-04-30 00:00:00          5011
DUNSTER                   T_mean_Climatology        celsius      2000-01-31 23:59:59    2000-12-31 23:59:59            12
DUNSTER                   Tn_Climatology            celsius      2000-01-31 23:59:59    2000-12-31 23:59:59            12
DUNSTER                   Tx_Climatology            celsius      2000-01-31 23:59:59    2000-12-31 23:59:59            12
--------------------------------------------------------------------------------------------------------------------
TOTAL                                                                                                               42647
Number of variable types: 10


============================================================================================================================================
📍 Station: EndakoWx
============================================================================================================================================
Station                   Variable                  Unit         Earliest Time          Latest Time            Count     
--------------------------------------------------------------------------------------------------------------------
EndakoWx                  DewPtC                    celsius      2007-09-13 12:00:00    2023-09-15 11:00:00        148625
EndakoWx                  GustSpeedms               m s-1        2007-09-13 12:00:00    2023-09-15 11:00:00        148548
EndakoWx                  Pressurembar              millibar     2007-09-13 12:00:00    2023-09-15 11:00:00        142806
EndakoWx                  Rainmm                    mm           2007-09-13 12:00:00    2023-09-15 11:00:00        148038
EndakoWx                  RH                        %            2007-09-13 12:00:00    2023-09-15 11:00:00        148625
EndakoWx                  SolarRadiationWm          W m-2        2007-09-13 12:00:00    2023-09-15 11:00:00        148684
EndakoWx                  TempC                     celsius      2007-09-13 12:00:00    2023-09-15 11:00:00        148625
EndakoWx                  Water_Content_m3_m3_15_cm m3/m3        2017-05-26 10:00:00    2022-08-13 07:00:00         44276
EndakoWx                  Wetness                   %            2007-09-13 12:00:00    2023-09-15 11:00:00        148686
EndakoWx                  WindDirection             degree       2007-09-13 12:00:00    2023-09-15 11:00:00        146707
EndakoWx                  WindSpeedms               m s-1        2007-09-13 12:00:00    2023-09-15 11:00:00        148548
--------------------------------------------------------------------------------------------------------------------
TOTAL                                                                                                             1522168
Number of variable types: 11


============================================================================================================================================
📍 Station: GeorgeWx
============================================================================================================================================
Station                   Variable                  Unit         Earliest Time          Latest Time            Count     
--------------------------------------------------------------------------------------------------------------------
GeorgeWx                  DewPtC                    celsius      2007-09-14 11:00:00    2023-10-30 11:00:00        133742
GeorgeWx                  GustSpeedms               m s-1        2007-09-14 11:00:00    2023-10-30 11:00:00        147802
GeorgeWx                  Pressurembar              millibar     2007-09-14 11:00:00    2023-10-30 11:00:00        147890
GeorgeWx                  Rainmm                    mm           2007-09-14 11:00:00    2023-10-30 10:00:00        136473
GeorgeWx                  RH                        %            2007-09-14 11:00:00    2023-10-30 11:00:00        133744
GeorgeWx                  Soil_Temp                 celsius      2023-08-22 12:00:00    2023-10-30 11:00:00          1656
GeorgeWx                  SolarRadiationWm          W m-2        2007-09-14 11:00:00    2023-10-30 11:00:00        137880
GeorgeWx                  TempC                     celsius      2007-09-14 11:00:00    2023-10-30 11:00:00        133743
GeorgeWx                  Water_Content_m3_m3_15_cm m3/m3        2016-09-28 14:00:00    2022-08-17 13:00:00         47374
GeorgeWx                  Wetness                   %            2007-09-14 11:00:00    2023-10-30 11:00:00        140209
GeorgeWx                  WindDirection             degree       2007-09-14 11:00:00    2023-10-30 11:00:00        134259
GeorgeWx                  WindSpeedms               m s-1        2007-09-14 11:00:00    2023-10-30 11:00:00        147806
--------------------------------------------------------------------------------------------------------------------
TOTAL                                                                                                             1442578
Number of variable types: 12


============================================================================================================================================
📍 Station: GunnelWx
============================================================================================================================================
Station                   Variable                  Unit         Earliest Time          Latest Time            Count     
--------------------------------------------------------------------------------------------------------------------
GunnelWx                  DewPtC                    celsius      2008-09-04 15:00:00    2015-08-06 10:00:00         19446
GunnelWx                  GustSpeedms               m s-1        2008-09-04 15:00:00    2015-08-06 10:00:00         19447
GunnelWx                  Pressurembar              millibar     2008-09-04 15:00:00    2015-08-06 10:00:00         19447
GunnelWx                  Rainmm                    mm           2008-09-04 15:00:00    2015-08-06 10:00:00         19447
GunnelWx                  RH                        %            2008-09-04 15:00:00    2015-08-06 10:00:00         19447
GunnelWx                  SolarRadiationWm          W m-2        2008-09-04 15:00:00    2009-08-26 07:00:00         10160
GunnelWx                  TempC                     celsius      2008-09-04 15:00:00    2015-08-06 10:00:00         19446
GunnelWx                  Tn                        celsius      2014-07-15 12:00:00    2015-08-06 10:00:00          9287
GunnelWx                  Tx                        celsius      2014-07-15 12:00:00    2015-08-06 10:00:00          9283
GunnelWx                  WindDirection             degree       2008-09-04 15:00:00    2015-08-06 10:00:00         18915
GunnelWx                  WindSpeedms               m s-1        2008-09-04 15:00:00    2015-08-06 10:00:00         19447
--------------------------------------------------------------------------------------------------------------------
TOTAL                                                                                                              183772
Number of variable types: 11

🔄 No data for 'HourglassWx', retrying as 'Hourglass' (LIKE search)...

============================================================================================================================================
📍 Station: HourglassWx (retry: Hourglass)
============================================================================================================================================
Station                   Variable                  Unit         Earliest Time          Latest Time            Count     
--------------------------------------------------------------------------------------------------------------------
HOURGLASS                 ACCPPT1                   mm           1976-08-04 00:00:00    1980-08-19 00:00:00            22
HOURGLASS                 ACCPPT2                   mm           1976-08-04 00:00:00    1977-09-21 00:00:00             3
Hourglass                 DewPtC                    celsius      2012-05-23 17:00:00    2024-01-05 16:00:00        101821
Hourglass                 GustSpeedms               m s-1        2012-05-23 17:00:00    2024-01-05 16:00:00         93842
Hourglass                 Pressurembar              millibar     2012-05-23 17:00:00    2024-01-05 16:00:00        100653
Hourglass                 Rainmm                    mm           2012-05-23 18:00:00    2024-01-05 16:00:00        100104
Hourglass                 RH                        %            2012-05-23 17:00:00    2024-01-05 16:00:00        101821
Hourglass                 Snow_Depth                cm           2016-10-27 12:00:00    2024-01-05 16:00:00         62412
HOURGLASS                 SNOWDEPTH                 cm           1976-12-08 00:00:00    1980-09-16 00:00:00            41
Hourglass                 SolarRadiationWm          W m-2        2012-05-23 17:00:00    2024-01-05 16:00:00        101281
Hourglass                 TempC                     celsius      2012-05-23 17:00:00    2024-01-05 16:00:00        101821
Hourglass                 Water_Content_m3_m3_15_cm m3/m3        2019-07-16 16:00:00    2024-01-05 16:00:00         35431
Hourglass                 WindDirection             degree       2012-05-23 17:00:00    2024-01-05 16:00:00         84005
Hourglass                 WindSpeedms               m s-1        2012-05-23 17:00:00    2024-01-05 16:00:00         93842
--------------------------------------------------------------------------------------------------------------------
TOTAL                                                                                                              977099
Number of variable types: 14


============================================================================================================================================
📍 Station: Hudson Bay Mtn2
============================================================================================================================================
Station                   Variable                  Unit         Earliest Time          Latest Time            Count     
--------------------------------------------------------------------------------------------------------------------
Hudson Bay Mtn2           DewPtC                    celsius      2017-08-25 13:00:00    2024-01-08 09:00:00         49378
Hudson Bay Mtn2           GustSpeedms               m s-1        2017-08-25 13:00:00    2024-01-08 09:00:00         42871
Hudson Bay Mtn2           Pressurembar              millibar     2017-08-25 13:00:00    2024-01-08 09:00:00         49377
Hudson Bay Mtn2           Rainmm                    mm           2017-08-25 14:00:00    2024-01-08 09:00:00         46565
Hudson Bay Mtn2           RH                        %            2017-08-25 13:00:00    2024-01-08 09:00:00         49378
Hudson Bay Mtn2           SolarRadiationWm          W m-2        2017-08-25 13:00:00    2024-01-08 09:00:00         49377
Hudson Bay Mtn2           TempC                     celsius      2017-08-25 13:00:00    2024-01-08 09:00:00         49379
Hudson Bay Mtn2           WindDirection             degree       2017-08-25 13:00:00    2024-01-08 09:00:00         48347
Hudson Bay Mtn2           WindSpeedms               m s-1        2017-08-25 13:00:00    2024-01-08 09:00:00         42871
--------------------------------------------------------------------------------------------------------------------
TOTAL                                                                                                              427543
Number of variable types: 9

🔄 No data for 'IBB2Wx', retrying as 'IBB2' (LIKE search)...
❌ No data found for 'IBB2Wx' after all attempts.

🔄 No data for 'IBB3Wx', retrying as 'IBB3' (LIKE search)...
❌ No data found for 'IBB3Wx' after all attempts.

❌ No data found for 'Inklin' after all attempts.


============================================================================================================================================
📍 Station: Kluskus
============================================================================================================================================
Station                   Variable                  Unit         Earliest Time          Latest Time            Count     
--------------------------------------------------------------------------------------------------------------------
KLUSKUS                   air_temp                  celsius      2020-01-23 19:00:00    2025-10-23 19:00:00         45727
KLUSKUS                   avg_wnd_dir_10m_pst10mts  degrees      2020-01-23 19:00:00    2025-10-23 19:00:00         45727
KLUSKUS                   avg_wnd_spd_10m_pst10mts  km/h         2020-01-23 19:00:00    2025-10-23 19:00:00         42392
Kluskus                   DewPtC                    celsius      2010-07-15 17:00:00    2023-10-12 10:00:00        109514
KLUSKUS                   dwpt_temp                 celsius      2020-01-23 19:00:00    2025-10-23 19:00:00         45716
Kluskus                   GustSpeedms               m s-1        2010-07-15 17:00:00    2023-10-12 10:00:00        109513
KLUSKUS                   Precip_Climatology        mm           2000-03-31 23:59:59    2000-11-30 23:59:59             9
KLUSKUS                   precipitation             mm           1991-08-04 17:00:00    2025-10-23 00:00:00        233674
Kluskus                   Pressurembar              millibar     2010-07-15 17:00:00    2023-10-12 10:00:00        111417
Kluskus                   Rainmm                    mm           2010-07-15 18:00:00    2023-10-12 10:00:00        110231
KLUSKUS                   relative_humidity         %            1991-08-04 17:00:00    2025-10-23 00:00:00        233632
KLUSKUS                   rel_hum                   %            2020-01-23 19:00:00    2025-10-23 19:00:00         45727
Kluskus                   RH                        %            2010-07-15 17:00:00    2023-10-12 10:00:00        109514
KLUSKUS                   rnfl_amt_pst1hr           mm           2020-01-23 19:00:00    2025-10-23 19:00:00         45727
KLUSKUS                   rnfl_amt_pst24hrs         mm           2020-01-23 19:00:00    2025-10-23 19:00:00         43803
Kluskus                   SolarRadiationWm          W m-2        2010-07-15 17:00:00    2023-10-12 10:00:00        111416
Kluskus                   TempC                     celsius      2010-07-15 17:00:00    2023-10-12 10:00:00        109514
KLUSKUS                   temperature               celsius      1991-08-04 17:00:00    2025-10-23 00:00:00        233674
Kluskus                   Water_Content_m3_m3_15_cm m3/m3        2016-07-13 13:00:00    2023-10-12 10:00:00         55523
KLUSKUS                   wind_direction            degree       1991-08-04 17:00:00    2025-10-23 00:00:00        233674
Kluskus                   WindDirection             degree       2010-07-15 17:00:00    2023-10-12 10:00:00         71445
KLUSKUS                   wind_speed                km/h         1991-08-04 17:00:00    2025-10-23 00:00:00        233668
Kluskus                   WindSpeedms               m s-1        2010-07-15 17:00:00    2023-10-12 10:00:00        109513
--------------------------------------------------------------------------------------------------------------------
TOTAL                                                                                                             2490750
Number of variable types: 23

🔄 Using manual correction for 'MacJxnWx': 'Mackenzie Jxn' (exact match)...

============================================================================================================================================
📍 Station: MacJxnWx (manual correction: Mackenzie Jxn)
============================================================================================================================================
Station                   Variable                  Unit         Earliest Time          Latest Time            Count     
--------------------------------------------------------------------------------------------------------------------
Mackenzie Jxn             DewPtC                    celsius      2010-04-28 14:00:00    2023-10-11 09:00:00        113654
Mackenzie Jxn             GustSpeedms               m s-1        2010-04-28 14:00:00    2023-10-11 09:00:00        113654
Mackenzie Jxn             Pressurembar              millibar     2010-04-28 14:00:00    2023-10-11 09:00:00        112684
Mackenzie Jxn             Rainmm                    mm           2010-04-28 14:00:00    2023-10-11 09:00:00        107515
Mackenzie Jxn             RH                        %            2010-04-28 14:00:00    2023-10-11 09:00:00        113654
Mackenzie Jxn             SolarRadiationWm          W m-2        2010-04-28 14:00:00    2023-10-11 09:00:00        108069
Mackenzie Jxn             TempC                     celsius      2010-04-28 14:00:00    2023-10-11 09:00:00        113654
Mackenzie Jxn             Water_Content_m3_m3_15_cm m3/m3        2017-06-22 11:00:00    2023-10-11 09:00:00         50399
Mackenzie Jxn             Wetness                   %            2010-04-28 14:00:00    2023-10-11 09:00:00        113654
Mackenzie Jxn             WindDirection             degree       2010-04-28 14:00:00    2023-10-11 09:00:00        112304
Mackenzie Jxn             WindSpeedms               m s-1        2010-04-28 14:00:00    2023-10-11 09:00:00        113654
--------------------------------------------------------------------------------------------------------------------
TOTAL                                                                                                             1172895
Number of variable types: 11


============================================================================================================================================
📍 Station: MiddleforkWx
============================================================================================================================================
Station                   Variable                  Unit         Earliest Time          Latest Time            Count     
--------------------------------------------------------------------------------------------------------------------
MiddleforkWx              DewPtC                    celsius      2007-07-11 20:00:00    2023-11-01 12:00:00        143677
MiddleforkWx              GustSpeedms               m s-1        2007-07-11 20:00:00    2023-11-01 12:00:00        143677
MiddleforkWx              Pressurembar              millibar     2007-07-11 20:00:00    2023-11-01 12:00:00        143518
MiddleforkWx              Rainmm                    mm           2007-07-11 21:00:00    2023-11-01 12:00:00        143673
MiddleforkWx              RH                        %            2007-07-11 20:00:00    2023-11-01 12:00:00        143677
MiddleforkWx              SolarRadiationWm          W m-2        2007-07-11 20:00:00    2023-11-01 12:00:00        143487
MiddleforkWx              TempC                     celsius      2007-07-11 20:00:00    2023-11-01 12:00:00        143677
MiddleforkWx              Water_Content_m3_m3_15_cm m3/m3        2019-08-11 11:00:00    2023-11-01 12:00:00         37034
MiddleforkWx              WindDirection             degree       2007-07-11 20:00:00    2023-11-01 12:00:00        143677
MiddleforkWx              WindSpeedms               m s-1        2007-07-11 20:00:00    2023-11-01 12:00:00        143677
--------------------------------------------------------------------------------------------------------------------
TOTAL                                                                                                             1329774
Number of variable types: 10


============================================================================================================================================
📍 Station: NondaWx
============================================================================================================================================
Station                   Variable                  Unit         Earliest Time          Latest Time            Count     
--------------------------------------------------------------------------------------------------------------------
NondaWx                   DewPtC                    celsius      2007-07-12 16:00:00    2024-01-08 10:00:00         89880
NondaWx                   GustSpeedms               m s-1        2007-07-12 16:00:00    2024-01-08 10:00:00        115094
NondaWx                   Pressurembar              millibar     2007-07-12 16:00:00    2024-01-08 10:00:00        108216
NondaWx                   Rainmm                    mm           2007-07-12 16:00:00    2024-01-08 10:00:00        103530
NondaWx                   RH                        %            2007-07-12 16:00:00    2024-01-08 10:00:00         89884
NondaWx                   SolarRadiationWm          W m-2        2007-07-12 16:00:00    2024-01-08 10:00:00        117893
NondaWx                   TempC                     celsius      2007-07-12 16:00:00    2024-01-08 10:00:00         89880
NondaWx                   WindDirection             degree       2007-07-12 16:00:00    2024-01-08 10:00:00         96836
NondaWx                   WindSpeedms               m s-1        2007-07-12 16:00:00    2024-01-08 10:00:00        115098
--------------------------------------------------------------------------------------------------------------------
TOTAL                                                                                                              926311
Number of variable types: 9


============================================================================================================================================
📍 Station: PinkWx
============================================================================================================================================
Station                   Variable                  Unit         Earliest Time          Latest Time            Count     
--------------------------------------------------------------------------------------------------------------------
PinkWx                    DewPtC                    celsius      2008-09-08 16:00:00    2024-01-08 10:00:00        125184
PinkWx                    GustSpeedms               m s-1        2008-09-08 16:00:00    2024-01-08 10:00:00        110668
PinkWx                    Pressurembar              millibar     2008-09-08 16:00:00    2024-01-08 10:00:00        123857
PinkWx                    Rainmm                    mm           2008-09-08 16:00:00    2024-01-08 10:00:00        127854
PinkWx                    RH                        %            2008-09-08 16:00:00    2024-01-08 10:00:00        125196
PinkWx                    SolarRadiationWm          W m-2        2008-09-08 16:00:00    2024-01-08 10:00:00        123924
PinkWx                    TempC                     celsius      2008-09-08 16:00:00    2024-01-08 10:00:00        125184
PinkWx                    WindDirection             degree       2008-09-08 16:00:00    2024-01-08 10:00:00         65738
PinkWx                    WindSpeedms               m s-1        2008-09-08 16:00:00    2024-01-08 10:00:00        110668
--------------------------------------------------------------------------------------------------------------------
TOTAL                                                                                                             1038273
Number of variable types: 9


============================================================================================================================================
📍 Station: SaxtonWx
============================================================================================================================================
Station                   Variable                  Unit         Earliest Time          Latest Time            Count     
--------------------------------------------------------------------------------------------------------------------
SaxtonWx                  DewPtC                    celsius      2007-07-04 10:00:00    2023-10-05 11:00:00        148007
SaxtonWx                  GustSpeedms               m s-1        2007-07-04 10:00:00    2023-10-05 11:00:00        146280
SaxtonWx                  Pressurembar              millibar     2007-07-04 10:00:00    2023-10-05 11:00:00        148346
SaxtonWx                  Rainmm                    mm           2007-07-04 10:00:00    2023-10-05 11:00:00        148338
SaxtonWx                  RH                        %            2007-07-04 10:00:00    2023-10-05 11:00:00        148007
SaxtonWx                  SolarRadiationWm          W m-2        2007-07-04 10:00:00    2023-10-05 11:00:00        148345
SaxtonWx                  TempC                     celsius      2007-07-04 10:00:00    2023-10-05 11:00:00        148346
SaxtonWx                  Water_Content_m3_m3_15_cm m3/m3        2017-06-16 11:00:00    2023-10-05 11:00:00         49403
SaxtonWx                  Water_Content_m3_m3_5_cm  m3/m3        2017-06-16 11:00:00    2023-10-05 11:00:00         49060
SaxtonWx                  WindDirection             degree       2007-07-04 10:00:00    2023-10-05 11:00:00        139918
SaxtonWx                  WindSpeedms               m s-1        2007-07-04 10:00:00    2023-10-05 11:00:00        146280
--------------------------------------------------------------------------------------------------------------------
TOTAL                                                                                                             1420330
Number of variable types: 11

🔄 No data for 'SeebachWx', retrying as 'Seebach' (LIKE search)...
❌ No data found for 'SeebachWx' after all attempts.


============================================================================================================================================
📍 Station: Sunbeam
============================================================================================================================================
Station                   Variable                  Unit         Earliest Time          Latest Time            Count     
--------------------------------------------------------------------------------------------------------------------
Sunbeam                   DewPtC                    celsius      2012-08-17 12:00:00    2024-01-08 12:00:00         81499
Sunbeam                   GustSpeedms               m s-1        2009-09-09 16:00:00    2024-01-08 12:00:00         96380
Sunbeam                   Pressurembar              millibar     2009-09-09 16:00:00    2024-01-08 12:00:00         90516
Sunbeam                   Rainmm                    mm           2009-09-09 17:00:00    2024-01-08 12:00:00        102306
Sunbeam                   RH                        %            2009-09-09 16:00:00    2024-01-08 12:00:00         90096
Sunbeam                   SolarRadiationWm          W m-2        2009-09-09 16:00:00    2024-01-08 12:00:00        100571
Sunbeam                   TempC                     celsius      2009-09-09 16:00:00    2024-01-08 12:00:00         90096
Sunbeam                   WindDirection             degree       2009-09-09 16:00:00    2024-01-08 12:00:00         64806
Sunbeam                   WindSpeedms               m s-1        2009-09-09 16:00:00    2024-01-08 12:00:00         96395
--------------------------------------------------------------------------------------------------------------------
TOTAL                                                                                                              812665
Number of variable types: 9


============================================================================================================================================
📍 Station: Tamarac
============================================================================================================================================
Station                   Variable                  Unit         Earliest Time          Latest Time            Count     
--------------------------------------------------------------------------------------------------------------------
Tamarack                  ACTUAL_WIND_DIRECTION     degrees      2003-11-02 21:00:00    2011-04-06 15:00:00         63396
Tamarack                  ACTUAL_WIND_SPEED         N/A          2003-11-02 21:00:00    2011-04-06 15:00:00         63417
Tamarack                  air_temp                  celsius      2020-01-08 11:00:00    2025-10-23 19:00:00         47245
Tamarack                  ATMOSPHERIC_PRESSURE      millibar     2003-11-02 21:00:00    2023-03-18 09:00:00        160469
Tamarack                  avg_wnd_dir_10m_pst10mts  degrees      2020-01-08 11:00:00    2021-03-16 09:00:00         10165
Tamarack                  avg_wnd_spd_10m_pst10mts  km/h         2020-01-08 11:00:00    2021-03-16 09:00:00         10165
Tamarack                  CURRENT_AIR_TEMPERATURE1  celsius      2003-11-02 21:00:00    2023-03-18 09:00:00        160558
Tamarack                  CURRENT_AIR_TEMPERATURE2  celsius      2003-11-02 21:00:00    2011-04-06 15:00:00         63416
Tamarack                  DEW_POINT                 celsius      2003-11-02 21:00:00    2023-03-18 09:00:00        138141
Tamarack                  dwpt_temp                 celsius      2020-01-08 11:00:00    2025-10-23 19:00:00         47244
Tamarack                  HEIGHT_OF_SNOW            cm           2003-11-02 21:00:00    2023-03-18 09:00:00        105179
Tamarack                  HOURLY_PRECIPITATION      mm           2003-11-02 21:00:00    2023-03-18 09:00:00        137617
Tamarack                  max_air_temp_snc_last_reset celsius      2020-01-08 11:00:00    2025-10-23 19:00:00         47245
Tamarack                  MAXIMUM_AIR_TEMPERATURE   celsius      2003-11-02 21:00:00    2011-04-06 15:00:00         63416
Tamarack                  MAXIMUM_MEASURED_WIND_SPEED1 km h-1       2003-11-02 21:00:00    2011-04-06 15:00:00         63417
Tamarack                  max_wnd_spd_10m_pst1hr    km/h         2020-01-08 11:00:00    2021-03-16 09:00:00         10165
Tamarack                  MEASURED_WIND_DIRECTION1  degrees      2003-11-02 21:00:00    2023-03-18 09:00:00        137943
Tamarack                  MEASURED_WIND_SPEED1      km h-1       2003-11-02 21:00:00    2023-03-18 09:00:00        137964
Tamarack                  min_air_temp_snc_last_reset celsius      2020-01-08 11:00:00    2025-10-23 19:00:00         47245
Tamarack                  MINIMUM_AIR_TEMPERATURE   celsius      2003-11-02 21:00:00    2011-04-06 15:00:00         63416
Tamarack                  mslp                      hPa          2020-01-08 11:00:00    2025-10-23 19:00:00         46858
Tamarack                  pcpn_amt_pst1hr           mm           2020-01-08 11:00:00    2025-10-23 19:00:00         47224
Tamarack                  pcpn_amt_pst24hrs         mm           2020-01-11 11:00:00    2025-09-29 18:00:00          1824
Tamarack                  PRECIP_DETECTOR_RATIO     1            2005-09-12 16:00:00    2011-04-06 15:00:00         47990
Tamarack                  PRECIPITATION_GAUGE_TOTAL mm           2003-11-02 21:00:00    2011-04-06 15:00:00         63405
Tamarack                  PRECIPITATION_NEW         mm           2003-11-02 21:00:00    2011-04-06 15:00:00         63411
Tamarack                  RELATIVE_HUMIDITY1        %            2003-11-03 11:00:00    2023-03-18 09:00:00        137544
Tamarack                  rel_hum                   %            2020-01-08 11:00:00    2025-10-23 19:00:00         47244
Tamarack                  snw_dpth                  cm           2020-01-08 11:00:00    2025-10-23 19:00:00         26090
Tamarack                  snwfl_amt_pst1hr          cm           2020-01-08 11:00:00    2025-10-23 19:00:00         26090
Tamarack                  STANDARD_SNOW             cm           2003-11-02 21:00:00    2011-04-06 15:00:00         59253
Tamarack                  stn_pres                  hPa          2020-01-08 11:00:00    2025-10-23 19:00:00         47241
Tamarack                  WIND_DIRECTION_STD_DEVIATION1 degrees      2003-11-02 21:00:00    2023-03-18 09:00:00        137978
--------------------------------------------------------------------------------------------------------------------
TOTAL                                                                                                             2329975
Number of variable types: 33


============================================================================================================================================
📍 Station: ThompsonWx
============================================================================================================================================
Station                   Variable                  Unit         Earliest Time          Latest Time            Count     
--------------------------------------------------------------------------------------------------------------------
ThompsonWx                DewPtC                    celsius      2007-09-12 16:00:00    2023-09-13 11:00:00        139157
ThompsonWx                GustSpeedms               m s-1        2007-09-12 16:00:00    2023-09-13 11:00:00        137206
ThompsonWx                Pressurembar              millibar     2007-09-12 16:00:00    2023-09-13 11:00:00        139157
ThompsonWx                Rainmm                    mm           2007-09-12 16:00:00    2023-09-13 11:00:00        139144
ThompsonWx                RH                        %            2007-09-12 16:00:00    2023-09-13 11:00:00        139157
ThompsonWx                Soil_Temp                 celsius      2023-06-23 13:00:00    2023-09-13 11:00:00          1967
ThompsonWx                SolarRadiationWm          W m-2        2007-09-12 16:00:00    2023-09-13 11:00:00        139157
ThompsonWx                TempC                     celsius      2007-09-12 16:00:00    2023-09-13 11:00:00        139157
ThompsonWx                Water_Content_m3_m3_15_cm m3/m3        2016-09-29 12:00:00    2022-10-26 10:00:00         53228
ThompsonWx                Wetness                   %            2007-09-12 16:00:00    2023-09-13 11:00:00        139157
ThompsonWx                WindDirection             degree       2007-09-12 16:00:00    2023-09-13 11:00:00        131284
ThompsonWx                WindSpeedms               m s-1        2007-09-12 16:00:00    2023-09-13 11:00:00        137204
--------------------------------------------------------------------------------------------------------------------
TOTAL                                                                                                             1434975
Number of variable types: 12


============================================================================================================================================
📍 Station: Willow-BowronWx
============================================================================================================================================
Station                   Variable                  Unit         Earliest Time          Latest Time            Count     
--------------------------------------------------------------------------------------------------------------------
Willow-BowronWx           DewPtC                    celsius      2007-07-31 15:00:00    2023-10-17 09:00:00        126259
Willow-BowronWx           GustSpeedms               m s-1        2007-07-31 15:00:00    2023-10-17 09:00:00        119969
Willow-BowronWx           Pressurembar              millibar     2007-07-31 15:00:00    2023-10-17 09:00:00        127384
Willow-BowronWx           Rainmm                    mm           2007-07-31 15:00:00    2023-10-17 09:00:00        124853
Willow-BowronWx           RH                        %            2007-07-31 15:00:00    2023-10-17 09:00:00        126259
Willow-BowronWx           SolarRadiationWm          W m-2        2007-07-31 15:00:00    2023-10-17 09:00:00        126290
Willow-BowronWx           TempC                     celsius      2007-07-31 15:00:00    2023-10-17 09:00:00        126259
Willow-BowronWx           Wetness                   %            2008-06-12 13:00:00    2023-10-17 09:00:00        119776
Willow-BowronWx           WindDirection             degree       2007-07-31 15:00:00    2023-10-17 09:00:00         95348
Willow-BowronWx           WindSpeedms               m s-1        2007-07-31 15:00:00    2023-10-17 09:00:00        119970
--------------------------------------------------------------------------------------------------------------------
TOTAL                                                                                                             1212367
Number of variable types: 10

✅ All stations summarized successfully.
Stations with no data after all attempts: ['CrookedLk', 'IBB2Wx', 'IBB3Wx', 'Inklin', 'SeebachWx']
