
====================================================================================================
📍 Station: Atlin School (File: Atlin school)
====================================================================================================
Variable                  Unit         Count    Start Time             End Time              
-----------------------------------------------------------------------------------------
Rain                      mm                 99 2010-08-20 20:00:00    2010-08-24 22:00:00   
Air Temp                  °C                100 2010-08-20 19:00:00    2010-08-24 22:00:00   
Wind Speed                m/s               100 2010-08-20 19:00:00    2010-08-24 22:00:00   
Gust Speed                m/s               100 2010-08-20 19:00:00    2010-08-24 22:00:00   
Wind Direction            ø                 100 2010-08-20 19:00:00    2010-08-24 22:00:00   
Solar Radiation           W/m²              100 2010-08-20 19:00:00    2010-08-24 22:00:00   
Gd Temp 75 cm             °C                100 2010-08-20 19:00:00    2010-08-24 22:00:00   
Gd Temp 50 cm             °C                100 2010-08-20 19:00:00    2010-08-24 22:00:00   
Gd Temp 25 cm             °C                100 2010-08-20 19:00:00    2010-08-24 22:00:00   
Sfc Temp                  °C                100 2010-08-20 19:00:00    2010-08-24 22:00:00   
Air Temp 2                °C                100 2010-08-20 19:00:00    2010-08-24 22:00:00   
-----------------------------------------------------------------------------------------
TOTAL                                      1099                                              
Total variable types : 11
Total variable counts: 1099



====================================================================================================
📍 Station: BarrenWx (File: Barren)
====================================================================================================
Variable                  Unit         Count    Start Time             End Time              
-----------------------------------------------------------------------------------------
Rain                      mm                 99 2021-07-09 13:00:00    2021-07-13 15:00:00   
Pressure                  mbar              100 2021-07-09 12:00:00    2021-07-13 15:00:00   
Temp                      °C                100 2021-07-09 12:00:00    2021-07-13 15:00:00   
RH                        %                 100 2021-07-09 12:00:00    2021-07-13 15:00:00   
DewPt                     °C                100 2021-07-09 12:00:00    2021-07-13 15:00:00   
Wind Speed                m/s               100 2021-07-09 12:00:00    2021-07-13 15:00:00   
Gust Speed                m/s               100 2021-07-09 12:00:00    2021-07-13 15:00:00   
Wind Direction            ø                 100 2021-07-09 12:00:00    2021-07-13 15:00:00   
Solar Radiation           W/m²              100 2021-07-09 12:00:00    2021-07-13 15:00:00   
Water Content             m³/m³ 30 cm       300 2021-07-09 12:00:00    2021-07-13 15:00:00   
WC_cal                    m³/m³             100 2021-07-09 12:00:00    2021-07-13 15:00:00   
Soil Temp                 °C                100 2021-07-09 12:00:00    2021-07-13 15:00:00   
-----------------------------------------------------------------------------------------
TOTAL                                      1399                                              
Total variable types : 12
Total variable counts: 1399



====================================================================================================
📍 Station: BlackhawkWx (File: Blackhawk)
====================================================================================================
Variable                  Unit         Count    Start Time             End Time              
-----------------------------------------------------------------------------------------
Rain                      mm                 99 2012-05-24 14:00:00    2012-05-28 16:00:00   
Pressure                  mbar              100 2012-05-24 13:00:00    2012-05-28 16:00:00   
Temp                      ?C                100 2012-05-24 13:00:00    2012-05-28 16:00:00   
RH                        %                 100 2012-05-24 13:00:00    2012-05-28 16:00:00   
DewPt                     ?C                100 2012-05-24 13:00:00    2012-05-28 16:00:00   
Wind Speed                m/s               100 2012-05-24 13:00:00    2012-05-28 16:00:00   
Gust Speed                m/s               100 2012-05-24 13:00:00    2012-05-28 16:00:00   
Wind Direction            °                 100 2012-05-24 13:00:00    2012-05-28 16:00:00   
Solar Radiation           W/m?              100 2012-05-24 13:00:00    2012-05-28 16:00:00   
-----------------------------------------------------------------------------------------
TOTAL                                       899                                              
Total variable types : 9
Total variable counts: 899



====================================================================================================
📍 Station: BoulderWx (File: BoulderCr)
====================================================================================================
Variable                  Unit         Count    Start Time             End Time              
-----------------------------------------------------------------------------------------
Rain                      mm                100 2010-06-07 13:00:00    2010-06-11 16:00:00   
Pressure                  mbar              100 2010-06-07 13:00:00    2010-06-11 16:00:00   
Temp                      °C                100 2010-06-07 13:00:00    2010-06-11 16:00:00   
RH                        %                 100 2010-06-07 13:00:00    2010-06-11 16:00:00   
DewPt                     °C                100 2010-06-07 13:00:00    2010-06-11 16:00:00   
Wind Speed                m/s               100 2010-06-07 13:00:00    2010-06-11 16:00:00   
Gust Speed                m/s               100 2010-06-07 13:00:00    2010-06-11 16:00:00   
Wind Direction            ø                 100 2010-06-07 13:00:00    2010-06-11 16:00:00   
Solar Radiation           W/m²              100 2010-06-07 13:00:00    2010-06-11 16:00:00   
-----------------------------------------------------------------------------------------
TOTAL                                       900                                              
Total variable types : 9
Total variable counts: 900



====================================================================================================
📍 Station: BowronPit (File: Bowron Pit)
====================================================================================================
Variable                  Unit         Count    Start Time             End Time              
-----------------------------------------------------------------------------------------
Temp 2                    °C                100 2018-08-29 15:00:00    2018-09-02 18:00:00   
RH 2                      %                 100 2018-08-29 15:00:00    2018-09-02 18:00:00   
DewPt 2                   °C                100 2018-08-29 15:00:00    2018-09-02 18:00:00   
-----------------------------------------------------------------------------------------
TOTAL                                       300                                              
Total variable types : 3
Total variable counts: 300



====================================================================================================
📍 Station: BulkleyWx (File: Bulkley PGTIS 1)
====================================================================================================
Variable                  Unit         Count    Start Time             End Time              
-----------------------------------------------------------------------------------------
Rain                      mm                100 2007-07-31 13:00:00    2007-08-04 16:00:00   
Pressure                  mbar              100 2007-07-31 13:00:00    2007-08-04 16:00:00   
Temp                      °C                100 2007-07-31 13:00:00    2007-08-04 16:00:00   
RH                        %                 100 2007-07-31 13:00:00    2007-08-04 16:00:00   
DewPt                     °C                100 2007-07-31 13:00:00    2007-08-04 16:00:00   
Wind Speed                m/s               100 2007-07-31 13:00:00    2007-08-04 16:00:00   
Gust Speed                m/s               100 2007-07-31 13:00:00    2007-08-04 16:00:00   
Wind Direction            ø                 100 2007-07-31 13:00:00    2007-08-04 16:00:00   
Solar Radiation           W/m²              100 2007-07-31 13:00:00    2007-08-04 16:00:00   
-----------------------------------------------------------------------------------------
TOTAL                                       900                                              
Total variable types : 9
Total variable counts: 900



====================================================================================================
📍 Station: CPFWx (File: CPF PGTIS 3)
====================================================================================================
Variable                  Unit         Count    Start Time             End Time              
-----------------------------------------------------------------------------------------
Rain                      mm                100 2007-08-09 14:00:00    2007-08-13 17:00:00   
Pressure                  mbar              100 2007-08-09 14:00:00    2007-08-13 17:00:00   
Temp                      °C                100 2007-08-09 14:00:00    2007-08-13 17:00:00   
RH                        %                 100 2007-08-09 14:00:00    2007-08-13 17:00:00   
DewPt                     °C                100 2007-08-09 14:00:00    2007-08-13 17:00:00   
Wind Speed                m/s               100 2007-08-09 14:00:00    2007-08-13 17:00:00   
Gust Speed                m/s               100 2007-08-09 14:00:00    2007-08-13 17:00:00   
Wind Direction            ø                 100 2007-08-09 14:00:00    2007-08-13 17:00:00   
Solar Radiation           W/m²              100 2007-08-09 14:00:00    2007-08-13 17:00:00   
-----------------------------------------------------------------------------------------
TOTAL                                       900                                              
Total variable types : 9
Total variable counts: 900



====================================================================================================
📍 Station: Canoe Mountain Stn (File: Canoe)
====================================================================================================
Variable                  Unit         Count    Start Time             End Time              
-----------------------------------------------------------------------------------------
Rain                      mm                 99 2012-03-22 12:00:00    2012-03-26 14:00:00   
Pressure                  mbar              100 2012-03-22 11:00:00    2012-03-26 14:00:00   
Temp                      °C                100 2012-03-22 11:00:00    2012-03-26 14:00:00   
RH                        %                 100 2012-03-22 11:00:00    2012-03-26 14:00:00   
DewPt                     °C                100 2012-03-22 11:00:00    2012-03-26 14:00:00   
Wind Speed                m/s               100 2012-03-22 11:00:00    2012-03-26 14:00:00   
Gust Speed                m/s               100 2012-03-22 11:00:00    2012-03-26 14:00:00   
Wind Direction            ø                 100 2012-03-22 11:00:00    2012-03-26 14:00:00   
Solar Radiation           W/m²              100 2012-03-22 11:00:00    2012-03-26 14:00:00   
-----------------------------------------------------------------------------------------
TOTAL                                       899                                              
Total variable types : 9
Total variable counts: 899



====================================================================================================
📍 Station: Caribou Pass (File: Caribou Pass)
====================================================================================================
Variable                  Unit         Count    Start Time             End Time              
-----------------------------------------------------------------------------------------
Rain                      mm                 99 2023-08-04 12:00:00    2023-08-08 14:00:00   
Pressure                  mbar              100 2023-08-04 11:00:00    2023-08-08 14:00:00   
Temp                      ?C                100 2023-08-04 11:00:00    2023-08-08 14:00:00   
RH                        %                 100 2023-08-04 11:00:00    2023-08-08 14:00:00   
DewPt                     ?C                100 2023-08-04 11:00:00    2023-08-08 14:00:00   
Wind Speed                m/s               100 2023-08-04 11:00:00    2023-08-08 14:00:00   
Gust Speed                m/s               100 2023-08-04 11:00:00    2023-08-08 14:00:00   
Wind Direction            °                 100 2023-08-04 11:00:00    2023-08-08 14:00:00   
Solar Radiation           W/m?              100 2023-08-04 11:00:00    2023-08-08 14:00:00   
Temp 2                    ?C                100 2023-08-04 11:00:00    2023-08-08 14:00:00   
RH 2                      %                 100 2023-08-04 11:00:00    2023-08-08 14:00:00   
DewPt 2                   ?C                100 2023-08-04 11:00:00    2023-08-08 14:00:00   
-----------------------------------------------------------------------------------------
TOTAL                                      1199                                              
Total variable types : 12
Total variable counts: 1199



====================================================================================================
📍 Station: ChapmanWx (File: Chapman)
====================================================================================================
Variable                  Unit         Count    Start Time             End Time              
-----------------------------------------------------------------------------------------
Rain                      mm                 99 2021-07-08 13:00:00    2021-07-12 15:00:00   
Pressure                  mbar              100 2021-07-08 12:00:00    2021-07-12 15:00:00   
Temp                      ?C                100 2021-07-08 12:00:00    2021-07-12 15:00:00   
RH                        %                 100 2021-07-08 12:00:00    2021-07-12 15:00:00   
DewPt                     ?C                100 2021-07-08 12:00:00    2021-07-12 15:00:00   
Wind Speed                m/s               100 2021-07-08 12:00:00    2021-07-12 15:00:00   
Gust Speed                m/s               100 2021-07-08 12:00:00    2021-07-12 15:00:00   
Wind Direction            ?                 100 2021-07-08 12:00:00    2021-07-12 15:00:00   
Solar Radiation           W/m?              100 2021-07-08 12:00:00    2021-07-12 15:00:00   
Water Content             m?/m? 30 cm       300 2021-07-08 12:00:00    2021-07-12 15:00:00   
WC_cal                    m?/m?             100 2021-07-08 12:00:00    2021-07-12 15:00:00   
Soil Temp                 ?C                100 2021-07-08 12:00:00    2021-07-12 15:00:00   
-----------------------------------------------------------------------------------------
TOTAL                                      1399                                              
Total variable types : 12
Total variable counts: 1399


✅ All stations summarized successfully.
