
--- Atlin School ---
Variables in files: ['Air Temp', 'Air Temp 2', 'Gd Temp 25 cm', 'Gd Temp 50 cm', 'Gd Temp 75 cm', 'Gust Speed', 'Rain', 'Sfc Temp', 'Solar Radiation', 'Wind Direction', 'Wind Speed']
Variables in db: ['CURRENT_AIR_TEMPERATURE1', 'HEIGHT_OF_SNOW', 'MAXIMUM_AIR_TEMPERATURE', 'MINIMUM_AIR_TEMPERATURE', 'PRECIPITATION_NEW', 'RELATIVE_HUMIDITY1', 'STANDARD_SNOW', 'STORM_SNOW']
Air Temp                  -> Air Temp                  | score=16.0 | in_db=False | matches: PRECIPITATION_NEW(16.0)
Air Temp 2                -> Air Temp 2                | score=14.8 | in_db=False | matches: PRECIPITATION_NEW(14.8)
Gd Temp 25 cm             -> Gd Temp 25 cm             | score=14.8 | in_db=False | matches: HEIGHT_OF_SNOW(14.8)
Gd Temp 50 cm             -> Gd Temp 50 cm             | score=14.8 | in_db=False | matches: HEIGHT_OF_SNOW(14.8)
Gd Temp 75 cm             -> Gd Temp 75 cm             | score=14.8 | in_db=False | matches: HEIGHT_OF_SNOW(14.8)
Gust Speed                -> Gust Speed                | score=16.7 | in_db=False | matches: HEIGHT_OF_SNOW(16.7)
Rain                      -> Rain                      | score=14.3 | in_db=False | matches: STORM_SNOW(14.3)
Sfc Temp                  -> Sfc Temp                  | score=22.2 | in_db=False | matches: STORM_SNOW(22.2)
Solar Radiation           -> Solar Radiation           | score=16.0 | in_db=False | matches: STORM_SNOW(16.0)
Wind Direction            -> Wind Direction            | score=8.3 | in_db=False | matches: STORM_SNOW(8.3)
Wind Speed                -> Wind Speed                | score=10.0 | in_db=False | matches: STORM_SNOW(10.0)

--- BarrenWx ---
Variables in files: ['DewPt', 'Gust Speed', 'Pressure', 'Rain', 'Soil Temp', 'Solar Radiation', 'Temp', 'WC_cal', 'Water Content', 'Wind Direction', 'Wind Speed']
Variables in db: ['RH', 'DewPtC', 'GustSpeedms', 'Pressurembar', 'Rainmm', 'Soil_Temp', 'SolarRadiationWm', 'TempC', 'Water_Content_m3_m3_15_cm', 'Water_Content_m3_m3_30_cm', 'Water_Content_m3_m3_5_cm', 'WindDirection', 'WindSpeedms']
DewPt                     -> DewPtC                    | score=90.9 | in_db=True | matches: DewPtC(90.9)
Gust Speed                -> GustSpeedms               | score=85.7 | in_db=True | matches: GustSpeedms(85.7)
Pressure                  -> Pressurembar              | score=80.0 | in_db=True | matches: Pressurembar(80.0)
Rain                      -> Rainmm                    | score=80.0 | in_db=True | matches: Rainmm(80.0)
Soil Temp                 -> Soil_Temp                 | score=88.9 | in_db=True | matches: Soil_Temp(88.9)
Solar Radiation           -> SolarRadiationWm          | score=90.3 | in_db=True | matches: SolarRadiationWm(90.3)
Temp                      -> TempC                     | score=88.9 | in_db=True | matches: TempC(88.9)
WC_cal                    -> WC_cal                    | score=26.7 | in_db=False | matches: Water_Content_m3_m3_5_cm(26.7)
Water Content             -> Water Content             | score=64.9 | in_db=False | matches: Water_Content_m3_m3_5_cm(64.9)
Wind Direction            -> WindDirection             | score=96.3 | in_db=True | matches: WindDirection(96.3)
Wind Speed                -> WindSpeedms               | score=85.7 | in_db=True | matches: WindSpeedms(85.7)

--- BlackhawkWx ---
Variables in files: ['DewPt', 'Gust Speed', 'Pressure', 'Rain', 'Solar Radiation', 'Temp', 'Wind Direction', 'Wind Speed']
Variables in db: ['RH', 'DewPtC', 'GustSpeedms', 'Pressurembar', 'Rainmm', 'Snow_Depth', 'SolarRadiationWm', 'TempC', 'Water_Content_m3_m3_15_cm', 'WindDirection', 'WindSpeedms']
DewPt                     -> DewPtC                    | score=90.9 | in_db=True | matches: DewPtC(90.9)
Gust Speed                -> GustSpeedms               | score=85.7 | in_db=True | matches: GustSpeedms(85.7)
Pressure                  -> Pressurembar              | score=80.0 | in_db=True | matches: Pressurembar(80.0)
Rain                      -> Rainmm                    | score=80.0 | in_db=True | matches: Rainmm(80.0)
Solar Radiation           -> SolarRadiationWm          | score=90.3 | in_db=True | matches: SolarRadiationWm(90.3)
Temp                      -> TempC                     | score=88.9 | in_db=True | matches: TempC(88.9)
Wind Direction            -> WindDirection             | score=96.3 | in_db=True | matches: WindDirection(96.3)
Wind Speed                -> WindSpeedms               | score=85.7 | in_db=True | matches: WindSpeedms(85.7)

--- BoulderWx ---
Variables in files: ['DewPt', 'Gust Speed', 'Pressure', 'Rain', 'Solar Radiation', 'Temp', 'Wind Direction', 'Wind Speed']
Variables in db: ['RH', 'DewPtC', 'GustSpeedms', 'Pressurembar', 'Rainmm', 'SolarRadiationWm', 'TempC', 'Water_Content_m3_m3_15_cm', 'Wetness', 'WindDirection', 'WindSpeedms']
DewPt                     -> DewPtC                    | score=90.9 | in_db=True | matches: DewPtC(90.9)
Gust Speed                -> GustSpeedms               | score=85.7 | in_db=True | matches: GustSpeedms(85.7)
Pressure                  -> Pressurembar              | score=80.0 | in_db=True | matches: Pressurembar(80.0)
Rain                      -> Rainmm                    | score=80.0 | in_db=True | matches: Rainmm(80.0)
Solar Radiation           -> SolarRadiationWm          | score=90.3 | in_db=True | matches: SolarRadiationWm(90.3)
Temp                      -> TempC                     | score=88.9 | in_db=True | matches: TempC(88.9)
Wind Direction            -> WindDirection             | score=96.3 | in_db=True | matches: WindDirection(96.3)
Wind Speed                -> WindSpeedms               | score=85.7 | in_db=True | matches: WindSpeedms(85.7)

--- BowronPit ---
Variables in files: ['DewPt 2', 'RH 2', 'Temp 2']
Variables in db: ['DewPtC', 'GustSpeedms', 'Pressurembar', 'RH', 'Rainmm', 'Snow_Depth', 'SolarRadiationWm', 'TempC', 'Water_Content_m3_m3_15_cm', 'WindDirection', 'WindSpeedms']
DewPt 2                   -> DewPtC                    | score=76.9 | in_db=True | matches: DewPtC(76.9)
RH 2                      -> RH 2                      | score=66.7 | in_db=False | matches: RH(66.7)
Temp 2                    -> TempC                     | score=72.7 | in_db=True | matches: TempC(72.7)

--- BulkleyWx ---
Variables in files: ['DewPt', 'Gust Speed', 'Pressure', 'Rain', 'Solar Radiation', 'Temp', 'Wind Direction', 'Wind Speed']
Variables in db: ['RH', 'DewPtC', 'GustSpeedms', 'Pressurembar', 'Rainmm', 'SolarRadiationWm', 'TempC', 'Wetness', 'WindDirection', 'WindSpeedms']
DewPt                     -> DewPtC                    | score=90.9 | in_db=True | matches: DewPtC(90.9)
Gust Speed                -> GustSpeedms               | score=85.7 | in_db=True | matches: GustSpeedms(85.7)
Pressure                  -> Pressurembar              | score=80.0 | in_db=True | matches: Pressurembar(80.0)
Rain                      -> Rainmm                    | score=80.0 | in_db=True | matches: Rainmm(80.0)
Solar Radiation           -> SolarRadiationWm          | score=90.3 | in_db=True | matches: SolarRadiationWm(90.3)
Temp                      -> TempC                     | score=88.9 | in_db=True | matches: TempC(88.9)
Wind Direction            -> WindDirection             | score=96.3 | in_db=True | matches: WindDirection(96.3)
Wind Speed                -> WindSpeedms               | score=85.7 | in_db=True | matches: WindSpeedms(85.7)

--- CPFWx ---
Variables in files: ['DewPt', 'Gust Speed', 'Pressure', 'Rain', 'Solar Radiation', 'Temp', 'Wind Direction', 'Wind Speed']
Variables in db: ['RH', 'DewPtC', 'GustSpeedms', 'Pressurembar', 'Rainmm', 'SolarRadiationWm', 'TempC', 'Wetness', 'WindDirection', 'WindSpeedms']
DewPt                     -> DewPtC                    | score=90.9 | in_db=True | matches: DewPtC(90.9)
Gust Speed                -> GustSpeedms               | score=85.7 | in_db=True | matches: GustSpeedms(85.7)
Pressure                  -> Pressurembar              | score=80.0 | in_db=True | matches: Pressurembar(80.0)
Rain                      -> Rainmm                    | score=80.0 | in_db=True | matches: Rainmm(80.0)
Solar Radiation           -> SolarRadiationWm          | score=90.3 | in_db=True | matches: SolarRadiationWm(90.3)
Temp                      -> TempC                     | score=88.9 | in_db=True | matches: TempC(88.9)
Wind Direction            -> WindDirection             | score=96.3 | in_db=True | matches: WindDirection(96.3)
Wind Speed                -> WindSpeedms               | score=85.7 | in_db=True | matches: WindSpeedms(85.7)

--- Canoe Mountain Stn ---
Variables in files: ['DewPt', 'Gust Speed', 'Pressure', 'Rain', 'Solar Radiation', 'Temp', 'Wind Direction', 'Wind Speed']
Variables in db: ['RH', 'DewPtC', 'GustSpeedms', 'Pressurembar', 'Rainmm', 'SolarRadiationWm', 'TempC', 'WindDirection', 'WindSpeedms']
DewPt                     -> DewPtC                    | score=90.9 | in_db=True | matches: DewPtC(90.9)
Gust Speed                -> GustSpeedms               | score=85.7 | in_db=True | matches: GustSpeedms(85.7)
Pressure                  -> Pressurembar              | score=80.0 | in_db=True | matches: Pressurembar(80.0)
Rain                      -> Rainmm                    | score=80.0 | in_db=True | matches: Rainmm(80.0)
Solar Radiation           -> SolarRadiationWm          | score=90.3 | in_db=True | matches: SolarRadiationWm(90.3)
Temp                      -> TempC                     | score=88.9 | in_db=True | matches: TempC(88.9)
Wind Direction            -> WindDirection             | score=96.3 | in_db=True | matches: WindDirection(96.3)
Wind Speed                -> WindSpeedms               | score=85.7 | in_db=True | matches: WindSpeedms(85.7)

--- Caribou Pass ---
Variables in files: ['DewPt', 'DewPt 2', 'Gust Speed', 'Pressure', 'RH 2', 'Rain', 'Solar Radiation', 'Temp', 'Temp 2', 'Wind Direction', 'Wind Speed']
Variables in db: ['RH', 'DewPtC', 'GustSpeedms', 'Pressurembar', 'Rainmm', 'SolarRadiationWm', 'TempC', 'WindDirection', 'WindSpeedms']
DewPt                     -> DewPtC                    | score=90.9 | in_db=True | matches: DewPtC(90.9)
DewPt 2                   -> DewPtC                    | score=76.9 | in_db=True | matches: DewPtC(76.9)
Gust Speed                -> GustSpeedms               | score=85.7 | in_db=True | matches: GustSpeedms(85.7)
Pressure                  -> Pressurembar              | score=80.0 | in_db=True | matches: Pressurembar(80.0)
RH 2                      -> RH 2                      | score=66.7 | in_db=False | matches: RH(66.7)
Rain                      -> Rainmm                    | score=80.0 | in_db=True | matches: Rainmm(80.0)
Solar Radiation           -> SolarRadiationWm          | score=90.3 | in_db=True | matches: SolarRadiationWm(90.3)
Temp                      -> TempC                     | score=88.9 | in_db=True | matches: TempC(88.9)
Temp 2                    -> TempC                     | score=72.7 | in_db=True | matches: TempC(72.7)
Wind Direction            -> WindDirection             | score=96.3 | in_db=True | matches: WindDirection(96.3)
Wind Speed                -> WindSpeedms               | score=85.7 | in_db=True | matches: WindSpeedms(85.7)

--- ChapmanWx ---
Variables in files: ['DewPt', 'Gust Speed', 'Pressure', 'Rain', 'Soil Temp', 'Solar Radiation', 'Temp', 'WC_cal', 'Water Content', 'Wind Direction', 'Wind Speed']
Variables in db: ['RH', 'DewPtC', 'GustSpeedms', 'Pressurembar', 'Rainmm', 'Soil_Temp', 'SolarRadiationWm', 'TempC', 'Water_Content_m3_m3_15_cm', 'Water_Content_m3_m3_30_cm', 'Water_Content_m3_m3_5_cm', 'WindDirection', 'WindSpeedms']
DewPt                     -> DewPtC                    | score=90.9 | in_db=True | matches: DewPtC(90.9)
Gust Speed                -> GustSpeedms               | score=85.7 | in_db=True | matches: GustSpeedms(85.7)
Pressure                  -> Pressurembar              | score=80.0 | in_db=True | matches: Pressurembar(80.0)
Rain                      -> Rainmm                    | score=80.0 | in_db=True | matches: Rainmm(80.0)
Soil Temp                 -> Soil_Temp                 | score=88.9 | in_db=True | matches: Soil_Temp(88.9)
Solar Radiation           -> SolarRadiationWm          | score=90.3 | in_db=True | matches: SolarRadiationWm(90.3)
Temp                      -> TempC                     | score=88.9 | in_db=True | matches: TempC(88.9)
WC_cal                    -> WC_cal                    | score=26.7 | in_db=False | matches: Water_Content_m3_m3_5_cm(26.7)
Water Content             -> Water Content             | score=64.9 | in_db=False | matches: Water_Content_m3_m3_5_cm(64.9)
Wind Direction            -> WindDirection             | score=96.3 | in_db=True | matches: WindDirection(96.3)
Wind Speed                -> WindSpeedms               | score=85.7 | in_db=True | matches: WindSpeedms(85.7)

--- ChiefLakeWx ---
Variables in files: ['DewPt', 'Gust Speed', 'Pressure', 'RH', 'Rain', 'Solar Radiation', 'Temp', 'WC_cal', 'Water Content', 'Wetness', 'Wind Direction', 'Wind Speed']
Variables in db: ['ACCPPT1', 'ACCPPT2', 'MAXTMP', 'MINTMP', 'ONE_DAY_PRECIPITATION', 'ONE_DAY_RAIN', 'ONE_DAY_SNOW', 'Precip_Climatology']
DewPt                     -> DewPt                     | score=18.2 | in_db=False | matches: MAXTMP(18.2)
Gust Speed                -> Gust Speed                | score=9.1 | in_db=False | matches: ONE_DAY_SNOW(9.1)
Pressure                  -> Pressure                  | score=23.1 | in_db=False | matches: Precip_Climatology(23.1)
RH                        -> RH                        | score=14.3 | in_db=False | matches: ONE_DAY_RAIN(14.3)
Rain                      -> Rain                      | score=12.5 | in_db=False | matches: ONE_DAY_RAIN(12.5)
Solar Radiation           -> Solar Radiation           | score=30.3 | in_db=False | matches: Precip_Climatology(30.3)
Temp                      -> Temp                      | score=20.0 | in_db=False | matches: MAXTMP(20.0)
WC_cal                    -> WC_cal                    | score=25.0 | in_db=False | matches: Precip_Climatology(25.0)
Water Content             -> Water Content             | score=19.4 | in_db=False | matches: Precip_Climatology(19.4)
Wetness                   -> Wetness                   | score=16.0 | in_db=False | matches: Precip_Climatology(16.0)
Wind Direction            -> Wind Direction            | score=31.2 | in_db=False | matches: Precip_Climatology(31.2)
Wind Speed                -> Wind Speed                | score=14.3 | in_db=False | matches: Precip_Climatology(14.3)

--- CoalmineWx ---
Variables in files: ['DewPt 2', 'RH 2', 'Temp 2']
Variables in db: ['DewPtC', 'GustSpeedms', 'Pressurembar', 'RH', 'Rainmm', 'SolarRadiationWm', 'TempC', 'Water_Content_m3_m3_15_cm', 'WindDirection', 'WindSpeedms']
DewPt 2                   -> DewPtC                    | score=76.9 | in_db=True | matches: DewPtC(76.9)
RH 2                      -> RH 2                      | score=66.7 | in_db=False | matches: RH(66.7)
Temp 2                    -> TempC                     | score=72.7 | in_db=True | matches: TempC(72.7)

--- CrystalWx ---
Variables in files: ['DewPt', 'Gust Speed', 'Pressure', 'Rain', 'Solar Radiation', 'Temp', 'Wind Direction', 'Wind Speed']
Variables in db: ['RH', 'Wetness', 'DewPtC', 'GustSpeedms', 'Pressurembar', 'Rainmm', 'SolarRadiationWm', 'TempC', 'Water_Content_m3_m3_15_cm', 'WindDirection', 'WindSpeedms']
DewPt                     -> DewPtC                    | score=90.9 | in_db=True | matches: DewPtC(90.9)
Gust Speed                -> GustSpeedms               | score=85.7 | in_db=True | matches: GustSpeedms(85.7)
Pressure                  -> Pressurembar              | score=80.0 | in_db=True | matches: Pressurembar(80.0)
Rain                      -> Rainmm                    | score=80.0 | in_db=True | matches: Rainmm(80.0)
Solar Radiation           -> SolarRadiationWm          | score=90.3 | in_db=True | matches: SolarRadiationWm(90.3)
Temp                      -> TempC                     | score=88.9 | in_db=True | matches: TempC(88.9)
Wind Direction            -> WindDirection             | score=96.3 | in_db=True | matches: WindDirection(96.3)
Wind Speed                -> WindSpeedms               | score=85.7 | in_db=True | matches: WindSpeedms(85.7)

--- Dennis ---
Variables in files: ['DewPt', 'Gust Speed', 'Pressure', 'Rain', 'Soil Temp', 'Solar Radiation', 'Temp', 'Water Content', 'Wind Direction', 'Wind Speed']
Variables in db: ['RH', 'DewPtC', 'GustSpeedms', 'Pressurembar', 'Rainmm', 'Soil_Temp', 'SolarRadiationWm', 'TempC', 'Water_Content_m3_m3_15_cm', 'Water_Content_m3_m3_30_cm', 'Water_Content_m3_m3_5_cm', 'WindDirection', 'WindSpeedms']
DewPt                     -> DewPtC                    | score=90.9 | in_db=True | matches: DewPtC(90.9)
Gust Speed                -> GustSpeedms               | score=85.7 | in_db=True | matches: GustSpeedms(85.7)
Pressure                  -> Pressurembar              | score=80.0 | in_db=True | matches: Pressurembar(80.0)
Rain                      -> Rainmm                    | score=80.0 | in_db=True | matches: Rainmm(80.0)
Soil Temp                 -> Soil_Temp                 | score=88.9 | in_db=True | matches: Soil_Temp(88.9)
Solar Radiation           -> SolarRadiationWm          | score=90.3 | in_db=True | matches: SolarRadiationWm(90.3)
Temp                      -> TempC                     | score=88.9 | in_db=True | matches: TempC(88.9)
Water Content             -> Water Content             | score=64.9 | in_db=False | matches: Water_Content_m3_m3_5_cm(64.9)
Wind Direction            -> WindDirection             | score=96.3 | in_db=True | matches: WindDirection(96.3)
Wind Speed                -> WindSpeedms               | score=85.7 | in_db=True | matches: WindSpeedms(85.7)

--- DunsterWx ---
Variables in files: ['DewPt', 'Gust Speed', 'Pressure', 'RH', 'Rain', 'Solar Radiation', 'Temp', 'Wind Direction', 'Wind Speed']
Variables in db: ['MAX_TEMP', 'MIN_TEMP', 'ONE_DAY_PRECIPITATION', 'ONE_DAY_RAIN', 'ONE_DAY_SNOW', 'Precip_Climatology', 'SNOW_ON_THE_GROUND', 'T_mean_Climatology', 'Tn_Climatology', 'Tx_Climatology']
DewPt                     -> DewPt                     | score=17.4 | in_db=False | matches: Precip_Climatology(17.4)
Gust Speed                -> Gust Speed                | score=9.1 | in_db=False | matches: ONE_DAY_SNOW(9.1)
Pressure                  -> Pressure                  | score=23.1 | in_db=False | matches: Precip_Climatology(23.1)
RH                        -> RH                        | score=14.3 | in_db=False | matches: ONE_DAY_RAIN(14.3)
Rain                      -> Rain                      | score=18.2 | in_db=False | matches: T_mean_Climatology(18.2)
Solar Radiation           -> Solar Radiation           | score=34.5 | in_db=False | matches: Tn_Climatology(34.5)
Temp                      -> Temp                      | score=27.3 | in_db=False | matches: T_mean_Climatology(27.3)
Wind Direction            -> Wind Direction            | score=31.2 | in_db=False | matches: Precip_Climatology(31.2)
Wind Speed                -> Wind Speed                | score=14.3 | in_db=False | matches: Precip_Climatology(14.3)

--- EndakoWx ---
Variables in files: ['DewPt', 'Gust Speed', 'Pressure', 'Rain', 'Solar Radiation', 'Temp', 'Wind Direction', 'Wind Speed']
Variables in db: ['RH', 'Wetness', 'DewPtC', 'GustSpeedms', 'Pressurembar', 'Rainmm', 'SolarRadiationWm', 'TempC', 'Water_Content_m3_m3_15_cm', 'WindDirection', 'WindSpeedms']
DewPt                     -> DewPtC                    | score=90.9 | in_db=True | matches: DewPtC(90.9)
Gust Speed                -> GustSpeedms               | score=85.7 | in_db=True | matches: GustSpeedms(85.7)
Pressure                  -> Pressurembar              | score=80.0 | in_db=True | matches: Pressurembar(80.0)
Rain                      -> Rainmm                    | score=80.0 | in_db=True | matches: Rainmm(80.0)
Solar Radiation           -> SolarRadiationWm          | score=90.3 | in_db=True | matches: SolarRadiationWm(90.3)
Temp                      -> TempC                     | score=88.9 | in_db=True | matches: TempC(88.9)
Wind Direction            -> WindDirection             | score=96.3 | in_db=True | matches: WindDirection(96.3)
Wind Speed                -> WindSpeedms               | score=85.7 | in_db=True | matches: WindSpeedms(85.7)

--- GeorgeWx ---
Variables in files: ['DewPt', 'Gust Speed', 'Pressure', 'Rain', 'Solar Radiation', 'Temp', 'Wind Direction', 'Wind Speed']
Variables in db: ['RH', 'Wetness', 'DewPtC', 'GustSpeedms', 'Pressurembar', 'Rainmm', 'Soil_Temp', 'SolarRadiationWm', 'TempC', 'Water_Content_m3_m3_15_cm', 'WindDirection', 'WindSpeedms']
DewPt                     -> DewPtC                    | score=90.9 | in_db=True | matches: DewPtC(90.9)
Gust Speed                -> GustSpeedms               | score=85.7 | in_db=True | matches: GustSpeedms(85.7)
Pressure                  -> Pressurembar              | score=80.0 | in_db=True | matches: Pressurembar(80.0)
Rain                      -> Rainmm                    | score=80.0 | in_db=True | matches: Rainmm(80.0)
Solar Radiation           -> SolarRadiationWm          | score=90.3 | in_db=True | matches: SolarRadiationWm(90.3)
Temp                      -> TempC                     | score=88.9 | in_db=True | matches: TempC(88.9)
Wind Direction            -> WindDirection             | score=96.3 | in_db=True | matches: WindDirection(96.3)
Wind Speed                -> WindSpeedms               | score=85.7 | in_db=True | matches: WindSpeedms(85.7)

--- GunnelWx ---
Variables in files: ['DewPt', 'Gust Speed', 'Pressure', 'Rain', 'Solar Radiation', 'Temp', 'Wind Direction', 'Wind Speed']
Variables in db: ['RH', 'DewPtC', 'GustSpeedms', 'Pressurembar', 'Rainmm', 'SolarRadiationWm', 'TempC', 'Tn', 'Tx', 'WindDirection', 'WindSpeedms']
DewPt                     -> DewPtC                    | score=90.9 | in_db=True | matches: DewPtC(90.9)
Gust Speed                -> GustSpeedms               | score=85.7 | in_db=True | matches: GustSpeedms(85.7)
Pressure                  -> Pressurembar              | score=80.0 | in_db=True | matches: Pressurembar(80.0)
Rain                      -> Rainmm                    | score=80.0 | in_db=True | matches: Rainmm(80.0)
Solar Radiation           -> SolarRadiationWm          | score=90.3 | in_db=True | matches: SolarRadiationWm(90.3)
Temp                      -> TempC                     | score=88.9 | in_db=True | matches: TempC(88.9)
Wind Direction            -> WindDirection             | score=96.3 | in_db=True | matches: WindDirection(96.3)
Wind Speed                -> WindSpeedms               | score=85.7 | in_db=True | matches: WindSpeedms(85.7)

--- HourglassWx ---
Variables in files: ['DewPt', 'Gust Speed', 'Pressure', 'Rain', 'Solar Radiation', 'Temp', 'Wind Direction', 'Wind Speed']
Variables in db: ['RH', 'ACCPPT1', 'ACCPPT2', 'DewPtC', 'GustSpeedms', 'Pressurembar', 'Rainmm', 'SNOWDEPTH', 'Snow_Depth', 'SolarRadiationWm', 'TempC', 'Water_Content_m3_m3_15_cm', 'WindDirection', 'WindSpeedms']
DewPt                     -> DewPtC                    | score=90.9 | in_db=True | matches: DewPtC(90.9)
Gust Speed                -> GustSpeedms               | score=85.7 | in_db=True | matches: GustSpeedms(85.7)
Pressure                  -> Pressurembar              | score=80.0 | in_db=True | matches: Pressurembar(80.0)
Rain                      -> Rainmm                    | score=80.0 | in_db=True | matches: Rainmm(80.0)
Solar Radiation           -> SolarRadiationWm          | score=90.3 | in_db=True | matches: SolarRadiationWm(90.3)
Temp                      -> TempC                     | score=88.9 | in_db=True | matches: TempC(88.9)
Wind Direction            -> WindDirection             | score=96.3 | in_db=True | matches: WindDirection(96.3)
Wind Speed                -> WindSpeedms               | score=85.7 | in_db=True | matches: WindSpeedms(85.7)

--- Hudson Bay Mtn2 ---
Variables in files: ['DewPt', 'Gust Speed', 'Pressure', 'Rain', 'Solar Radiation', 'Temp', 'Wind Direction', 'Wind Speed']
Variables in db: ['RH', 'DewPtC', 'GustSpeedms', 'Pressurembar', 'Rainmm', 'SolarRadiationWm', 'TempC', 'WindDirection', 'WindSpeedms']
DewPt                     -> DewPtC                    | score=90.9 | in_db=True | matches: DewPtC(90.9)
Gust Speed                -> GustSpeedms               | score=85.7 | in_db=True | matches: GustSpeedms(85.7)
Pressure                  -> Pressurembar              | score=80.0 | in_db=True | matches: Pressurembar(80.0)
Rain                      -> Rainmm                    | score=80.0 | in_db=True | matches: Rainmm(80.0)
Solar Radiation           -> SolarRadiationWm          | score=90.3 | in_db=True | matches: SolarRadiationWm(90.3)
Temp                      -> TempC                     | score=88.9 | in_db=True | matches: TempC(88.9)
Wind Direction            -> WindDirection             | score=96.3 | in_db=True | matches: WindDirection(96.3)
Wind Speed                -> WindSpeedms               | score=85.7 | in_db=True | matches: WindSpeedms(85.7)

--- Kluskus ---
Variables in files: ['DewPt', 'Gust Speed', 'Pressure', 'Rain', 'Solar Radiation', 'Temp', 'Wind Direction', 'Wind Speed']
Variables in db: ['RH', 'DewPtC', 'GustSpeedms', 'Precip_Climatology', 'Pressurembar', 'Rainmm', 'SolarRadiationWm', 'TempC', 'Water_Content_m3_m3_15_cm', 'WindDirection', 'WindSpeedms', 'air_temp', 'avg_wnd_dir_10m_pst10mts', 'avg_wnd_spd_10m_pst10mts', 'dwpt_temp', 'precipitation', 'rel_hum', 'relative_humidity', 'rnfl_amt_pst1hr', 'rnfl_amt_pst24hrs', 'temperature', 'wind_direction', 'wind_speed']
DewPt                     -> DewPtC                    | score=90.9 | in_db=True | matches: DewPtC(90.9)
Gust Speed                -> GustSpeedms               | score=85.7 | in_db=True | matches: GustSpeedms(85.7)
Pressure                  -> Pressurembar              | score=80.0 | in_db=True | matches: Pressurembar(80.0)
Rain                      -> Rainmm                    | score=80.0 | in_db=True | matches: Rainmm(80.0)
Solar Radiation           -> SolarRadiationWm          | score=90.3 | in_db=True | matches: SolarRadiationWm(90.3)
Temp                      -> TempC                     | score=88.9 | in_db=True | matches: TempC(88.9)
Wind Direction            -> WindDirection             | score=96.3 | in_db=True | matches: WindDirection(96.3)
Wind Speed                -> WindSpeedms               | score=85.7 | in_db=True | matches: WindSpeedms(85.7)

--- MacJxnWx ---
Variables in files: ['DewPt', 'Gust Speed', 'Pressure', 'Rain', 'Solar Radiation', 'Temp', 'Wind Direction', 'Wind Speed']
Variables in db: ['RH', 'Wetness', 'DewPtC', 'GustSpeedms', 'Pressurembar', 'Rainmm', 'SolarRadiationWm', 'TempC', 'Water_Content_m3_m3_15_cm', 'WindDirection', 'WindSpeedms']
DewPt                     -> DewPtC                    | score=90.9 | in_db=True | matches: DewPtC(90.9)
Gust Speed                -> GustSpeedms               | score=85.7 | in_db=True | matches: GustSpeedms(85.7)
Pressure                  -> Pressurembar              | score=80.0 | in_db=True | matches: Pressurembar(80.0)
Rain                      -> Rainmm                    | score=80.0 | in_db=True | matches: Rainmm(80.0)
Solar Radiation           -> SolarRadiationWm          | score=90.3 | in_db=True | matches: SolarRadiationWm(90.3)
Temp                      -> TempC                     | score=88.9 | in_db=True | matches: TempC(88.9)
Wind Direction            -> WindDirection             | score=96.3 | in_db=True | matches: WindDirection(96.3)
Wind Speed                -> WindSpeedms               | score=85.7 | in_db=True | matches: WindSpeedms(85.7)

--- MiddleforkWx ---
Variables in files: ['DewPt', 'Gust Speed', 'Pressure', 'Rain', 'Solar Radiation', 'Temp', 'Wind Direction', 'Wind Speed']
Variables in db: ['RH', 'DewPtC', 'GustSpeedms', 'Pressurembar', 'Rainmm', 'SolarRadiationWm', 'TempC', 'Water_Content_m3_m3_15_cm', 'WindDirection', 'WindSpeedms']
DewPt                     -> DewPtC                    | score=90.9 | in_db=True | matches: DewPtC(90.9)
Gust Speed                -> GustSpeedms               | score=85.7 | in_db=True | matches: GustSpeedms(85.7)
Pressure                  -> Pressurembar              | score=80.0 | in_db=True | matches: Pressurembar(80.0)
Rain                      -> Rainmm                    | score=80.0 | in_db=True | matches: Rainmm(80.0)
Solar Radiation           -> SolarRadiationWm          | score=90.3 | in_db=True | matches: SolarRadiationWm(90.3)
Temp                      -> TempC                     | score=88.9 | in_db=True | matches: TempC(88.9)
Wind Direction            -> WindDirection             | score=96.3 | in_db=True | matches: WindDirection(96.3)
Wind Speed                -> WindSpeedms               | score=85.7 | in_db=True | matches: WindSpeedms(85.7)

--- NondaWx ---
Variables in files: ['DewPt', 'Gust Speed', 'Pressure', 'Rain', 'Solar Radiation', 'Temp', 'Wind Direction', 'Wind Speed']
Variables in db: ['RH', 'DewPtC', 'GustSpeedms', 'Pressurembar', 'Rainmm', 'SolarRadiationWm', 'TempC', 'WindDirection', 'WindSpeedms']
DewPt                     -> DewPtC                    | score=90.9 | in_db=True | matches: DewPtC(90.9)
Gust Speed                -> GustSpeedms               | score=85.7 | in_db=True | matches: GustSpeedms(85.7)
Pressure                  -> Pressurembar              | score=80.0 | in_db=True | matches: Pressurembar(80.0)
Rain                      -> Rainmm                    | score=80.0 | in_db=True | matches: Rainmm(80.0)
Solar Radiation           -> SolarRadiationWm          | score=90.3 | in_db=True | matches: SolarRadiationWm(90.3)
Temp                      -> TempC                     | score=88.9 | in_db=True | matches: TempC(88.9)
Wind Direction            -> WindDirection             | score=96.3 | in_db=True | matches: WindDirection(96.3)
Wind Speed                -> WindSpeedms               | score=85.7 | in_db=True | matches: WindSpeedms(85.7)

--- PinkWx ---
Variables in files: ['DewPt', 'Gust Speed', 'Pressure', 'Rain', 'Rain raw', 'Solar Radiation', 'Temp', 'Wind Direction', 'Wind Speed']
Variables in db: ['RH', 'DewPtC', 'GustSpeedms', 'Pressurembar', 'Rainmm', 'SolarRadiationWm', 'TempC', 'WindDirection', 'WindSpeedms']
DewPt                     -> DewPtC                    | score=90.9 | in_db=True | matches: DewPtC(90.9)
Gust Speed                -> GustSpeedms               | score=85.7 | in_db=True | matches: GustSpeedms(85.7)
Pressure                  -> Pressurembar              | score=80.0 | in_db=True | matches: Pressurembar(80.0)
Rain                      -> Rainmm                    | score=80.0 | in_db=True | matches: Rainmm(80.0)
Rain raw                  -> Rain raw                  | score=57.1 | in_db=False | matches: Rainmm(57.1)
Solar Radiation           -> SolarRadiationWm          | score=90.3 | in_db=True | matches: SolarRadiationWm(90.3)
Temp                      -> TempC                     | score=88.9 | in_db=True | matches: TempC(88.9)
Wind Direction            -> WindDirection             | score=96.3 | in_db=True | matches: WindDirection(96.3)
Wind Speed                -> WindSpeedms               | score=85.7 | in_db=True | matches: WindSpeedms(85.7)

--- SaxtonWx ---
Variables in files: ['DewPt', 'Gust Speed', 'Pressure', 'Rain', 'Solar Radiation', 'Temp', 'Wind Direction', 'Wind Speed']
Variables in db: ['RH', 'DewPtC', 'GustSpeedms', 'Pressurembar', 'Rainmm', 'SolarRadiationWm', 'TempC', 'Water_Content_m3_m3_15_cm', 'Water_Content_m3_m3_5_cm', 'WindDirection', 'WindSpeedms']
DewPt                     -> DewPtC                    | score=90.9 | in_db=True | matches: DewPtC(90.9)
Gust Speed                -> GustSpeedms               | score=85.7 | in_db=True | matches: GustSpeedms(85.7)
Pressure                  -> Pressurembar              | score=80.0 | in_db=True | matches: Pressurembar(80.0)
Rain                      -> Rainmm                    | score=80.0 | in_db=True | matches: Rainmm(80.0)
Solar Radiation           -> SolarRadiationWm          | score=90.3 | in_db=True | matches: SolarRadiationWm(90.3)
Temp                      -> TempC                     | score=88.9 | in_db=True | matches: TempC(88.9)
Wind Direction            -> WindDirection             | score=96.3 | in_db=True | matches: WindDirection(96.3)
Wind Speed                -> WindSpeedms               | score=85.7 | in_db=True | matches: WindSpeedms(85.7)

--- Sunbeam ---
Variables in files: ['Gust Speed', 'Pressure', 'Rain', 'Solar Radiation', 'Temp', 'Wind Direction', 'Wind Speed']
Variables in db: ['RH', 'DewPtC', 'GustSpeedms', 'Pressurembar', 'Rainmm', 'SolarRadiationWm', 'TempC', 'WindDirection', 'WindSpeedms']
Gust Speed                -> GustSpeedms               | score=85.7 | in_db=True | matches: GustSpeedms(85.7)
Pressure                  -> Pressurembar              | score=80.0 | in_db=True | matches: Pressurembar(80.0)
Rain                      -> Rainmm                    | score=80.0 | in_db=True | matches: Rainmm(80.0)
Solar Radiation           -> SolarRadiationWm          | score=90.3 | in_db=True | matches: SolarRadiationWm(90.3)
Temp                      -> TempC                     | score=88.9 | in_db=True | matches: TempC(88.9)
Wind Direction            -> WindDirection             | score=96.3 | in_db=True | matches: WindDirection(96.3)
Wind Speed                -> WindSpeedms               | score=85.7 | in_db=True | matches: WindSpeedms(85.7)

--- Tamarac ---
Variables in files: ['Soil Temp', 'WC_cal', 'Water Content']
Variables in db: ['ACTUAL_WIND_DIRECTION', 'ACTUAL_WIND_SPEED', 'ATMOSPHERIC_PRESSURE', 'CURRENT_AIR_TEMPERATURE1', 'CURRENT_AIR_TEMPERATURE2', 'DEW_POINT', 'HEIGHT_OF_SNOW', 'HOURLY_PRECIPITATION', 'MAXIMUM_AIR_TEMPERATURE', 'MAXIMUM_MEASURED_WIND_SPEED1', 'MEASURED_WIND_DIRECTION1', 'MEASURED_WIND_SPEED1', 'MINIMUM_AIR_TEMPERATURE', 'PRECIPITATION_GAUGE_TOTAL', 'PRECIPITATION_NEW', 'PRECIP_DETECTOR_RATIO', 'RELATIVE_HUMIDITY1', 'STANDARD_SNOW', 'WIND_DIRECTION_STD_DEVIATION1', 'air_temp', 'avg_wnd_dir_10m_pst10mts', 'avg_wnd_spd_10m_pst10mts', 'dwpt_temp', 'max_air_temp_snc_last_reset', 'max_wnd_spd_10m_pst1hr', 'min_air_temp_snc_last_reset', 'mslp', 'pcpn_amt_pst1hr', 'pcpn_amt_pst24hrs', 'rel_hum', 'snw_dpth', 'snwfl_amt_pst1hr', 'stn_pres']
Soil Temp                 -> Soil Temp                 | score=47.1 | in_db=False | matches: air_temp(47.1)
WC_cal                    -> WC_cal                    | score=26.7 | in_db=False | matches: DEW_POINT(26.7)
Water Content             -> Water Content             | score=38.1 | in_db=False | matches: air_temp(38.1)

--- ThompsonWx ---
Variables in files: ['DewPt', 'Gust Speed', 'Pressure', 'Rain', 'Solar Radiation', 'Temp', 'Wind Direction', 'Wind Speed']
Variables in db: ['RH', 'Wetness', 'DewPtC', 'GustSpeedms', 'Pressurembar', 'Rainmm', 'Soil_Temp', 'SolarRadiationWm', 'TempC', 'Water_Content_m3_m3_15_cm', 'WindDirection', 'WindSpeedms']
DewPt                     -> DewPtC                    | score=90.9 | in_db=True | matches: DewPtC(90.9)
Gust Speed                -> GustSpeedms               | score=85.7 | in_db=True | matches: GustSpeedms(85.7)
Pressure                  -> Pressurembar              | score=80.0 | in_db=True | matches: Pressurembar(80.0)
Rain                      -> Rainmm                    | score=80.0 | in_db=True | matches: Rainmm(80.0)
Solar Radiation           -> SolarRadiationWm          | score=90.3 | in_db=True | matches: SolarRadiationWm(90.3)
Temp                      -> TempC                     | score=88.9 | in_db=True | matches: TempC(88.9)
Wind Direction            -> WindDirection             | score=96.3 | in_db=True | matches: WindDirection(96.3)
Wind Speed                -> WindSpeedms               | score=85.7 | in_db=True | matches: WindSpeedms(85.7)

--- Willow-BowronWx ---
Variables in files: ['DewPt', 'Gust Speed', 'Pressure', 'Rain', 'Solar Radiation', 'Temp', 'Wind Direction', 'Wind Speed']
Variables in db: ['RH', 'DewPtC', 'GustSpeedms', 'Pressurembar', 'Rainmm', 'SolarRadiationWm', 'TempC', 'Wetness', 'WindDirection', 'WindSpeedms']
DewPt                     -> DewPtC                    | score=90.9 | in_db=True | matches: DewPtC(90.9)
Gust Speed                -> GustSpeedms               | score=85.7 | in_db=True | matches: GustSpeedms(85.7)
Pressure                  -> Pressurembar              | score=80.0 | in_db=True | matches: Pressurembar(80.0)
Rain                      -> Rainmm                    | score=80.0 | in_db=True | matches: Rainmm(80.0)
Solar Radiation           -> SolarRadiationWm          | score=90.3 | in_db=True | matches: SolarRadiationWm(90.3)
Temp                      -> TempC                     | score=88.9 | in_db=True | matches: TempC(88.9)
Wind Direction            -> WindDirection             | score=96.3 | in_db=True | matches: WindDirection(96.3)
Wind Speed                -> WindSpeedms               | score=85.7 | in_db=True | matches: WindSpeedms(85.7)

✅ Variable matching completed and logged.
